{"/home/cs139/EasyInvest/server/app.ts": {"path":"/home/cs139/EasyInvest/server/app.ts","statementMap":{"0":{"start":{"line":1,"column":0},"end":{"line":1,"column":43}},"1":{"start":{"line":2,"column":0},"end":{"line":2,"column":37}},"2":{"start":{"line":3,"column":0},"end":{"line":3,"column":32}},"3":{"start":{"line":4,"column":0},"end":{"line":4,"column":28}},"4":{"start":{"line":5,"column":0},"end":{"line":5,"column":41}},"5":{"start":{"line":6,"column":0},"end":{"line":6,"column":51}},"6":{"start":{"line":7,"column":0},"end":{"line":7,"column":45}},"7":{"start":{"line":8,"column":0},"end":{"line":8,"column":43}},"8":{"start":{"line":9,"column":0},"end":{"line":9,"column":42}},"9":{"start":{"line":10,"column":0},"end":{"line":10,"column":24}},"10":{"start":{"line":11,"column":0},"end":{"line":11,"column":45}},"11":{"start":{"line":12,"column":0},"end":{"line":12,"column":32}},"12":{"start":{"line":13,"column":0},"end":{"line":13,"column":47}},"13":{"start":{"line":14,"column":0},"end":{"line":14,"column":53}},"14":{"start":{"line":15,"column":0},"end":{"line":15,"column":57}},"15":{"start":{"line":16,"column":0},"end":{"line":16,"column":47}},"16":{"start":{"line":17,"column":0},"end":{"line":17,"column":24}},"17":{"start":{"line":19,"column":0},"end":{"line":19,"column":16}},"18":{"start":{"line":21,"column":34},"end":{"line":94,"column":2}},"19":{"start":{"line":22,"column":14},"end":{"line":22,"column":23}},"20":{"start":{"line":25,"column":25},"end":{"line":29,"column":4}},"21":{"start":{"line":32,"column":22},"end":{"line":41,"column":4}},"22":{"start":{"line":34,"column":6},"end":{"line":38,"column":7}},"23":{"start":{"line":35,"column":8},"end":{"line":35,"column":29}},"24":{"start":{"line":37,"column":8},"end":{"line":37,"column":51}},"25":{"start":{"line":43,"column":2},"end":{"line":43,"column":57}},"26":{"start":{"line":44,"column":2},"end":{"line":44,"column":29}},"27":{"start":{"line":47,"column":37},"end":{"line":55,"column":4}},"28":{"start":{"line":56,"column":2},"end":{"line":56,"column":49}},"29":{"start":{"line":59,"column":2},"end":{"line":59,"column":29}},"30":{"start":{"line":60,"column":2},"end":{"line":60,"column":26}},"31":{"start":{"line":61,"column":2},"end":{"line":61,"column":33}},"32":{"start":{"line":64,"column":2},"end":{"line":64,"column":32}},"33":{"start":{"line":65,"column":2},"end":{"line":65,"column":70}},"34":{"start":{"line":66,"column":2},"end":{"line":66,"column":38}},"35":{"start":{"line":67,"column":2},"end":{"line":67,"column":32}},"36":{"start":{"line":68,"column":2},"end":{"line":68,"column":47}},"37":{"start":{"line":69,"column":2},"end":{"line":69,"column":40}},"38":{"start":{"line":70,"column":2},"end":{"line":70,"column":48}},"39":{"start":{"line":71,"column":2},"end":{"line":71,"column":38}},"40":{"start":{"line":72,"column":2},"end":{"line":72,"column":47}},"41":{"start":{"line":75,"column":2},"end":{"line":77,"column":5}},"42":{"start":{"line":76,"column":4},"end":{"line":76,"column":62}},"43":{"start":{"line":80,"column":2},"end":{"line":89,"column":7}},"44":{"start":{"line":83,"column":6},"end":{"line":83,"column":42}},"45":{"start":{"line":84,"column":6},"end":{"line":84,"column":19}},"46":{"start":{"line":87,"column":6},"end":{"line":87,"column":55}},"47":{"start":{"line":88,"column":6},"end":{"line":88,"column":20}},"48":{"start":{"line":91,"column":13},"end":{"line":91,"column":32}},"49":{"start":{"line":92,"column":2},"end":{"line":92,"column":79}},"50":{"start":{"line":92,"column":28},"end":{"line":92,"column":77}},"51":{"start":{"line":93,"column":2},"end":{"line":93,"column":71}},"52":{"start":{"line":93,"column":24},"end":{"line":93,"column":69}},"53":{"start":{"line":96,"column":0},"end":{"line":96,"column":23}}},"fnMap":{"0":{"name":"(anonymous_1)","decl":{"start":{"line":21,"column":46},"end":{"line":21,"column":47}},"loc":{"start":{"line":21,"column":66},"end":{"line":94,"column":1}}},"1":{"name":"(anonymous_2)","decl":{"start":{"line":33,"column":12},"end":{"line":33,"column":13}},"loc":{"start":{"line":33,"column":63},"end":{"line":39,"column":5}}},"2":{"name":"(anonymous_3)","decl":{"start":{"line":75,"column":15},"end":{"line":75,"column":16}},"loc":{"start":{"line":75,"column":28},"end":{"line":77,"column":3}}},"3":{"name":"(anonymous_4)","decl":{"start":{"line":82,"column":10},"end":{"line":82,"column":13}},"loc":{"start":{"line":82,"column":15},"end":{"line":85,"column":5}}},"4":{"name":"(anonymous_5)","decl":{"start":{"line":86,"column":11},"end":{"line":86,"column":12}},"loc":{"start":{"line":86,"column":21},"end":{"line":89,"column":5}}},"5":{"name":"(anonymous_6)","decl":{"start":{"line":92,"column":17},"end":{"line":92,"column":18}},"loc":{"start":{"line":92,"column":28},"end":{"line":92,"column":77}}},"6":{"name":"(anonymous_7)","decl":{"start":{"line":93,"column":18},"end":{"line":93,"column":21}},"loc":{"start":{"line":93,"column":24},"end":{"line":93,"column":69}}}},"branchMap":{"0":{"loc":{"start":{"line":34,"column":6},"end":{"line":38,"column":7}},"type":"if","locations":[{"start":{"line":34,"column":6},"end":{"line":38,"column":7}},{"start":{"line":36,"column":13},"end":{"line":38,"column":7}}]},"1":{"loc":{"start":{"line":34,"column":10},"end":{"line":34,"column":52}},"type":"binary-expr","locations":[{"start":{"line":34,"column":10},"end":{"line":34,"column":17}},{"start":{"line":34,"column":21},"end":{"line":34,"column":52}}]},"2":{"loc":{"start":{"line":48,"column":12},"end":{"line":48,"column":52}},"type":"binary-expr","locations":[{"start":{"line":48,"column":12},"end":{"line":48,"column":38}},{"start":{"line":48,"column":42},"end":{"line":48,"column":52}}]}},"s":{"0":2,"1":2,"2":2,"3":2,"4":2,"5":2,"6":2,"7":2,"8":2,"9":2,"10":2,"11":2,"12":2,"13":2,"14":2,"15":2,"16":2,"17":2,"18":2,"19":2,"20":2,"21":2,"22":21,"23":21,"24":0,"25":2,"26":2,"27":2,"28":2,"29":2,"30":2,"31":2,"32":2,"33":2,"34":2,"35":2,"36":2,"37":2,"38":2,"39":2,"40":2,"41":2,"42":0,"43":2,"44":2,"45":2,"46":0,"47":0,"48":2,"49":2,"50":0,"51":2,"52":2,"53":2},"f":{"0":2,"1":21,"2":0,"3":2,"4":0,"5":0,"6":2},"b":{"0":[21,0],"1":[21,0],"2":[2,0]}}
,"/home/cs139/EasyInvest/server/swaggerConfig.js": {"path":"/home/cs139/EasyInvest/server/swaggerConfig.js","statementMap":{"0":{"start":{"line":1,"column":16},"end":{"line":1,"column":36}},"1":{"start":{"line":2,"column":21},"end":{"line":2,"column":45}},"2":{"start":{"line":4,"column":26},"end":{"line":16,"column":1}},"3":{"start":{"line":18,"column":16},"end":{"line":21,"column":1}},"4":{"start":{"line":23,"column":20},"end":{"line":23,"column":41}},"5":{"start":{"line":25,"column":0},"end":{"line":25,"column":29}}},"fnMap":{},"branchMap":{},"s":{"0":2,"1":2,"2":2,"3":2,"4":2,"5":2},"f":{},"b":{},"inputSourceMap":null,"_coverageSchema":"1a1c01bbd47fc00a2c39e90264f33305004495a9","hash":"1008f4f8c2b6a20d40c84d344dc2f2a970d512c0"}
,"/home/cs139/EasyInvest/server/controllers/smartSearchController.ts": {"path":"/home/cs139/EasyInvest/server/controllers/smartSearchController.ts","statementMap":{"0":{"start":{"line":1,"column":0},"end":{"line":1,"column":59}},"1":{"start":{"line":2,"column":0},"end":{"line":2,"column":49}},"2":{"start":{"line":4,"column":0},"end":{"line":4,"column":40}},"3":{"start":{"line":6,"column":14},"end":{"line":6,"column":73}},"4":{"start":{"line":7,"column":14},"end":{"line":7,"column":72}},"5":{"start":{"line":8,"column":13},"end":{"line":31,"column":2}},"6":{"start":{"line":33,"column":13},"end":{"line":43,"column":2}},"7":{"start":{"line":45,"column":13},"end":{"line":112,"column":3}},"8":{"start":{"line":46,"column":23},"end":{"line":46,"column":31}},"9":{"start":{"line":48,"column":4},"end":{"line":111,"column":5}},"10":{"start":{"line":49,"column":25},"end":{"line":83,"column":6}},"11":{"start":{"line":85,"column":23},"end":{"line":85,"column":60}},"12":{"start":{"line":86,"column":8},"end":{"line":86,"column":32}},"13":{"start":{"line":88,"column":27},"end":{"line":88,"column":49}},"14":{"start":{"line":89,"column":8},"end":{"line":89,"column":36}},"15":{"start":{"line":91,"column":28},"end":{"line":91,"column":70}},"16":{"start":{"line":94,"column":25},"end":{"line":94,"column":45}},"17":{"start":{"line":95,"column":8},"end":{"line":95,"column":34}},"18":{"start":{"line":97,"column":31},"end":{"line":97,"column":67}},"19":{"start":{"line":98,"column":33},"end":{"line":98,"column":74}},"20":{"start":{"line":98,"column":62},"end":{"line":98,"column":73}},"21":{"start":{"line":99,"column":27},"end":{"line":101,"column":24}},"22":{"start":{"line":100,"column":28},"end":{"line":100,"column":45}},"23":{"start":{"line":103,"column":8},"end":{"line":107,"column":11}},"24":{"start":{"line":105,"column":50},"end":{"line":105,"column":59}},"25":{"start":{"line":106,"column":46},"end":{"line":106,"column":55}},"26":{"start":{"line":109,"column":8},"end":{"line":109,"column":39}},"27":{"start":{"line":110,"column":8},"end":{"line":110,"column":89}},"28":{"start":{"line":115,"column":4},"end":{"line":138,"column":5}},"29":{"start":{"line":116,"column":32},"end":{"line":116,"column":77}},"30":{"start":{"line":117,"column":23},"end":{"line":117,"column":50}},"31":{"start":{"line":118,"column":8},"end":{"line":127,"column":10}},"32":{"start":{"line":119,"column":81},"end":{"line":119,"column":111}},"33":{"start":{"line":121,"column":61},"end":{"line":121,"column":87}},"34":{"start":{"line":129,"column":8},"end":{"line":129,"column":82}},"35":{"start":{"line":130,"column":8},"end":{"line":137,"column":10}},"36":{"start":{"line":142,"column":4},"end":{"line":159,"column":7}},"37":{"start":{"line":143,"column":20},"end":{"line":143,"column":21}},"38":{"start":{"line":145,"column":27},"end":{"line":145,"column":102}},"39":{"start":{"line":145,"column":68},"end":{"line":145,"column":94}},"40":{"start":{"line":146,"column":8},"end":{"line":146,"column":32}},"41":{"start":{"line":148,"column":8},"end":{"line":150,"column":9}},"42":{"start":{"line":149,"column":12},"end":{"line":149,"column":23}},"43":{"start":{"line":152,"column":8},"end":{"line":152,"column":104}},"44":{"start":{"line":152,"column":93},"end":{"line":152,"column":104}},"45":{"start":{"line":153,"column":8},"end":{"line":153,"column":104}},"46":{"start":{"line":153,"column":93},"end":{"line":153,"column":104}},"47":{"start":{"line":155,"column":8},"end":{"line":155,"column":107}},"48":{"start":{"line":155,"column":96},"end":{"line":155,"column":107}},"49":{"start":{"line":156,"column":8},"end":{"line":156,"column":107}},"50":{"start":{"line":156,"column":96},"end":{"line":156,"column":107}},"51":{"start":{"line":158,"column":8},"end":{"line":158,"column":34}},"52":{"start":{"line":162,"column":13},"end":{"line":178,"column":3}},"53":{"start":{"line":163,"column":4},"end":{"line":177,"column":5}},"54":{"start":{"line":164,"column":29},"end":{"line":164,"column":37}},"55":{"start":{"line":166,"column":23},"end":{"line":167,"column":21}},"56":{"start":{"line":169,"column":23},"end":{"line":169,"column":58}},"57":{"start":{"line":170,"column":25},"end":{"line":170,"column":46}},"58":{"start":{"line":171,"column":27},"end":{"line":171,"column":42}},"59":{"start":{"line":173,"column":8},"end":{"line":173,"column":45}},"60":{"start":{"line":175,"column":8},"end":{"line":175,"column":63}},"61":{"start":{"line":176,"column":8},"end":{"line":176,"column":74}}},"fnMap":{"0":{"name":"(anonymous_1)","decl":{"start":{"line":45,"column":57},"end":{"line":45,"column":62}},"loc":{"start":{"line":45,"column":76},"end":{"line":112,"column":1}}},"1":{"name":"(anonymous_2)","decl":{"start":{"line":98,"column":55},"end":{"line":98,"column":56}},"loc":{"start":{"line":98,"column":62},"end":{"line":98,"column":73}}},"2":{"name":"(anonymous_3)","decl":{"start":{"line":100,"column":18},"end":{"line":100,"column":19}},"loc":{"start":{"line":100,"column":28},"end":{"line":100,"column":45}}},"3":{"name":"(anonymous_4)","decl":{"start":{"line":105,"column":43},"end":{"line":105,"column":44}},"loc":{"start":{"line":105,"column":50},"end":{"line":105,"column":59}}},"4":{"name":"(anonymous_5)","decl":{"start":{"line":106,"column":39},"end":{"line":106,"column":40}},"loc":{"start":{"line":106,"column":46},"end":{"line":106,"column":55}}},"5":{"name":"extractPreferencesFromResponse","decl":{"start":{"line":114,"column":9},"end":{"line":114,"column":39}},"loc":{"start":{"line":114,"column":58},"end":{"line":139,"column":1}}},"6":{"name":"(anonymous_7)","decl":{"start":{"line":119,"column":66},"end":{"line":119,"column":67}},"loc":{"start":{"line":119,"column":81},"end":{"line":119,"column":111}}},"7":{"name":"(anonymous_8)","decl":{"start":{"line":121,"column":46},"end":{"line":121,"column":47}},"loc":{"start":{"line":121,"column":61},"end":{"line":121,"column":87}}},"8":{"name":"scoreStartups","decl":{"start":{"line":141,"column":9},"end":{"line":141,"column":22}},"loc":{"start":{"line":141,"column":56},"end":{"line":160,"column":1}}},"9":{"name":"(anonymous_10)","decl":{"start":{"line":142,"column":24},"end":{"line":142,"column":25}},"loc":{"start":{"line":142,"column":36},"end":{"line":159,"column":5}}},"10":{"name":"(anonymous_11)","decl":{"start":{"line":145,"column":51},"end":{"line":145,"column":52}},"loc":{"start":{"line":145,"column":68},"end":{"line":145,"column":94}}},"11":{"name":"(anonymous_12)","decl":{"start":{"line":162,"column":48},"end":{"line":162,"column":53}},"loc":{"start":{"line":162,"column":67},"end":{"line":178,"column":1}}}},"branchMap":{"0":{"loc":{"start":{"line":6,"column":37},"end":{"line":6,"column":72}},"type":"binary-expr","locations":[{"start":{"line":6,"column":37},"end":{"line":6,"column":66}},{"start":{"line":6,"column":70},"end":{"line":6,"column":72}}]},"1":{"loc":{"start":{"line":119,"column":18},"end":{"line":119,"column":117}},"type":"cond-expr","locations":[{"start":{"line":119,"column":47},"end":{"line":119,"column":112}},{"start":{"line":119,"column":115},"end":{"line":119,"column":117}}]},"2":{"loc":{"start":{"line":120,"column":27},"end":{"line":122,"column":20}},"type":"cond-expr","locations":[{"start":{"line":121,"column":18},"end":{"line":121,"column":88}},{"start":{"line":122,"column":18},"end":{"line":122,"column":20}}]},"3":{"loc":{"start":{"line":123,"column":28},"end":{"line":123,"column":100}},"type":"cond-expr","locations":[{"start":{"line":123,"column":72},"end":{"line":123,"column":93}},{"start":{"line":123,"column":96},"end":{"line":123,"column":100}}]},"4":{"loc":{"start":{"line":124,"column":28},"end":{"line":124,"column":100}},"type":"cond-expr","locations":[{"start":{"line":124,"column":72},"end":{"line":124,"column":93}},{"start":{"line":124,"column":96},"end":{"line":124,"column":100}}]},"5":{"loc":{"start":{"line":125,"column":26},"end":{"line":125,"column":94}},"type":"cond-expr","locations":[{"start":{"line":125,"column":68},"end":{"line":125,"column":87}},{"start":{"line":125,"column":90},"end":{"line":125,"column":94}}]},"6":{"loc":{"start":{"line":126,"column":26},"end":{"line":126,"column":94}},"type":"cond-expr","locations":[{"start":{"line":126,"column":68},"end":{"line":126,"column":87}},{"start":{"line":126,"column":90},"end":{"line":126,"column":94}}]},"7":{"loc":{"start":{"line":148,"column":8},"end":{"line":150,"column":9}},"type":"if","locations":[{"start":{"line":148,"column":8},"end":{"line":150,"column":9}}]},"8":{"loc":{"start":{"line":148,"column":12},"end":{"line":148,"column":108}},"type":"binary-expr","locations":[{"start":{"line":148,"column":12},"end":{"line":148,"column":48}},{"start":{"line":148,"column":52},"end":{"line":148,"column":108}}]},"9":{"loc":{"start":{"line":152,"column":8},"end":{"line":152,"column":104}},"type":"if","locations":[{"start":{"line":152,"column":8},"end":{"line":152,"column":104}}]},"10":{"loc":{"start":{"line":152,"column":12},"end":{"line":152,"column":91}},"type":"binary-expr","locations":[{"start":{"line":152,"column":12},"end":{"line":152,"column":38}},{"start":{"line":152,"column":42},"end":{"line":152,"column":91}}]},"11":{"loc":{"start":{"line":153,"column":8},"end":{"line":153,"column":104}},"type":"if","locations":[{"start":{"line":153,"column":8},"end":{"line":153,"column":104}}]},"12":{"loc":{"start":{"line":153,"column":12},"end":{"line":153,"column":91}},"type":"binary-expr","locations":[{"start":{"line":153,"column":12},"end":{"line":153,"column":38}},{"start":{"line":153,"column":42},"end":{"line":153,"column":91}}]},"13":{"loc":{"start":{"line":155,"column":8},"end":{"line":155,"column":107}},"type":"if","locations":[{"start":{"line":155,"column":8},"end":{"line":155,"column":107}}]},"14":{"loc":{"start":{"line":155,"column":12},"end":{"line":155,"column":94}},"type":"binary-expr","locations":[{"start":{"line":155,"column":12},"end":{"line":155,"column":36}},{"start":{"line":155,"column":40},"end":{"line":155,"column":94}}]},"15":{"loc":{"start":{"line":156,"column":8},"end":{"line":156,"column":107}},"type":"if","locations":[{"start":{"line":156,"column":8},"end":{"line":156,"column":107}}]},"16":{"loc":{"start":{"line":156,"column":12},"end":{"line":156,"column":94}},"type":"binary-expr","locations":[{"start":{"line":156,"column":12},"end":{"line":156,"column":36}},{"start":{"line":156,"column":40},"end":{"line":156,"column":94}}]}},"s":{"0":2,"1":2,"2":2,"3":2,"4":2,"5":2,"6":2,"7":2,"8":0,"9":0,"10":0,"11":0,"12":0,"13":0,"14":0,"15":0,"16":0,"17":0,"18":0,"19":0,"20":0,"21":0,"22":0,"23":0,"24":0,"25":0,"26":0,"27":0,"28":0,"29":0,"30":0,"31":0,"32":0,"33":0,"34":0,"35":0,"36":0,"37":0,"38":0,"39":0,"40":0,"41":0,"42":0,"43":0,"44":0,"45":0,"46":0,"47":0,"48":0,"49":0,"50":0,"51":0,"52":2,"53":0,"54":0,"55":0,"56":0,"57":0,"58":0,"59":0,"60":0,"61":0},"f":{"0":0,"1":0,"2":0,"3":0,"4":0,"5":0,"6":0,"7":0,"8":0,"9":0,"10":0,"11":0},"b":{"0":[2,0],"1":[0,0],"2":[0,0],"3":[0,0],"4":[0,0],"5":[0,0],"6":[0,0],"7":[0],"8":[0,0],"9":[0],"10":[0,0],"11":[0],"12":[0,0],"13":[0],"14":[0,0],"15":[0],"16":[0,0]}}
,"/home/cs139/EasyInvest/server/controllers/topicsController.ts": {"path":"/home/cs139/EasyInvest/server/controllers/topicsController.ts","statementMap":{"0":{"start":{"line":1,"column":0},"end":{"line":1,"column":59}},"1":{"start":{"line":2,"column":0},"end":{"line":2,"column":49}},"2":{"start":{"line":4,"column":14},"end":{"line":4,"column":73}},"3":{"start":{"line":5,"column":14},"end":{"line":5,"column":72}},"4":{"start":{"line":8,"column":14},"end":{"line":8,"column":77}},"5":{"start":{"line":8,"column":30},"end":{"line":8,"column":77}},"6":{"start":{"line":8,"column":53},"end":{"line":8,"column":76}},"7":{"start":{"line":10,"column":13},"end":{"line":53,"column":3}},"8":{"start":{"line":11,"column":21},"end":{"line":11,"column":29}},"9":{"start":{"line":12,"column":2},"end":{"line":14,"column":3}},"10":{"start":{"line":13,"column":4},"end":{"line":13,"column":65}},"11":{"start":{"line":16,"column":19},"end":{"line":20,"column":4}},"12":{"start":{"line":22,"column":2},"end":{"line":52,"column":3}},"13":{"start":{"line":23,"column":19},"end":{"line":23,"column":20}},"14":{"start":{"line":26,"column":4},"end":{"line":41,"column":5}},"15":{"start":{"line":27,"column":6},"end":{"line":40,"column":7}},"16":{"start":{"line":28,"column":8},"end":{"line":28,"column":55}},"17":{"start":{"line":29,"column":8},"end":{"line":29,"column":14}},"18":{"start":{"line":31,"column":8},"end":{"line":39,"column":9}},"19":{"start":{"line":32,"column":10},"end":{"line":32,"column":21}},"20":{"start":{"line":33,"column":27},"end":{"line":33,"column":88}},"21":{"start":{"line":34,"column":21},"end":{"line":34,"column":59}},"22":{"start":{"line":35,"column":10},"end":{"line":35,"column":71}},"23":{"start":{"line":36,"column":10},"end":{"line":36,"column":26}},"24":{"start":{"line":38,"column":10},"end":{"line":38,"column":20}},"25":{"start":{"line":43,"column":4},"end":{"line":45,"column":5}},"26":{"start":{"line":44,"column":6},"end":{"line":44,"column":89}},"27":{"start":{"line":47,"column":23},"end":{"line":47,"column":45}},"28":{"start":{"line":48,"column":4},"end":{"line":48,"column":41}},"29":{"start":{"line":50,"column":4},"end":{"line":50,"column":38}},"30":{"start":{"line":51,"column":4},"end":{"line":51,"column":67}}},"fnMap":{"0":{"name":"(anonymous_1)","decl":{"start":{"line":8,"column":14},"end":{"line":8,"column":15}},"loc":{"start":{"line":8,"column":30},"end":{"line":8,"column":77}}},"1":{"name":"(anonymous_2)","decl":{"start":{"line":8,"column":42},"end":{"line":8,"column":49}},"loc":{"start":{"line":8,"column":53},"end":{"line":8,"column":76}}},"2":{"name":"(anonymous_3)","decl":{"start":{"line":10,"column":48},"end":{"line":10,"column":53}},"loc":{"start":{"line":10,"column":78},"end":{"line":53,"column":1}}}},"branchMap":{"0":{"loc":{"start":{"line":4,"column":37},"end":{"line":4,"column":72}},"type":"binary-expr","locations":[{"start":{"line":4,"column":37},"end":{"line":4,"column":66}},{"start":{"line":4,"column":70},"end":{"line":4,"column":72}}]},"1":{"loc":{"start":{"line":12,"column":2},"end":{"line":14,"column":3}},"type":"if","locations":[{"start":{"line":12,"column":2},"end":{"line":14,"column":3}}]},"2":{"loc":{"start":{"line":31,"column":8},"end":{"line":39,"column":9}},"type":"if","locations":[{"start":{"line":31,"column":8},"end":{"line":39,"column":9}},{"start":{"line":37,"column":15},"end":{"line":39,"column":9}}]},"3":{"loc":{"start":{"line":33,"column":28},"end":{"line":33,"column":70}},"type":"binary-expr","locations":[{"start":{"line":33,"column":28},"end":{"line":33,"column":61}},{"start":{"line":33,"column":65},"end":{"line":33,"column":70}}]},"4":{"loc":{"start":{"line":34,"column":21},"end":{"line":34,"column":59}},"type":"binary-expr","locations":[{"start":{"line":34,"column":21},"end":{"line":34,"column":50}},{"start":{"line":34,"column":54},"end":{"line":34,"column":59}}]},"5":{"loc":{"start":{"line":43,"column":4},"end":{"line":45,"column":5}},"type":"if","locations":[{"start":{"line":43,"column":4},"end":{"line":45,"column":5}}]}},"s":{"0":2,"1":2,"2":2,"3":2,"4":2,"5":0,"6":0,"7":2,"8":0,"9":0,"10":0,"11":0,"12":0,"13":0,"14":0,"15":0,"16":0,"17":0,"18":0,"19":0,"20":0,"21":0,"22":0,"23":0,"24":0,"25":0,"26":0,"27":0,"28":0,"29":0,"30":0},"f":{"0":0,"1":0,"2":0},"b":{"0":[2,0],"1":[0],"2":[0,0],"3":[0,0],"4":[0,0],"5":[0]}}
,"/home/cs139/EasyInvest/server/db/dbUtils.js": {"path":"/home/cs139/EasyInvest/server/db/dbUtils.js","statementMap":{"0":{"start":{"line":1,"column":17},"end":{"line":1,"column":36}},"1":{"start":{"line":3,"column":19},"end":{"line":11,"column":2}},"2":{"start":{"line":13,"column":22},"end":{"line":38,"column":2}},"3":{"start":{"line":40,"column":13},"end":{"line":40,"column":47}},"4":{"start":{"line":41,"column":16},"end":{"line":41,"column":56}},"5":{"start":{"line":43,"column":0},"end":{"line":43,"column":35}}},"fnMap":{},"branchMap":{},"s":{"0":2,"1":2,"2":2,"3":2,"4":2,"5":2},"f":{},"b":{},"inputSourceMap":null,"_coverageSchema":"1a1c01bbd47fc00a2c39e90264f33305004495a9","hash":"cc572084e76483cafadc21d1e5a3ba21aad725ec"}
,"/home/cs139/EasyInvest/server/handlers/auth.ts": {"path":"/home/cs139/EasyInvest/server/handlers/auth.ts","statementMap":{"0":{"start":{"line":2,"column":0},"end":{"line":2,"column":35}},"1":{"start":{"line":4,"column":23},"end":{"line":19,"column":1}},"2":{"start":{"line":9,"column":2},"end":{"line":16,"column":3}},"3":{"start":{"line":10,"column":4},"end":{"line":14,"column":7}},"4":{"start":{"line":15,"column":4},"end":{"line":15,"column":18}},"5":{"start":{"line":18,"column":2},"end":{"line":18,"column":36}},"6":{"start":{"line":18,"column":22},"end":{"line":18,"column":36}},"7":{"start":{"line":21,"column":0},"end":{"line":21,"column":30}}},"fnMap":{"0":{"name":"(anonymous_0)","decl":{"start":{"line":4,"column":23},"end":{"line":4,"column":28}},"loc":{"start":{"line":8,"column":19},"end":{"line":19,"column":1}}}},"branchMap":{"0":{"loc":{"start":{"line":9,"column":2},"end":{"line":16,"column":3}},"type":"if","locations":[{"start":{"line":9,"column":2},"end":{"line":16,"column":3}}]},"1":{"loc":{"start":{"line":9,"column":6},"end":{"line":9,"column":53}},"type":"binary-expr","locations":[{"start":{"line":9,"column":6},"end":{"line":9,"column":29}},{"start":{"line":9,"column":33},"end":{"line":9,"column":53}}]},"2":{"loc":{"start":{"line":18,"column":2},"end":{"line":18,"column":36}},"type":"if","locations":[{"start":{"line":18,"column":2},"end":{"line":18,"column":36}}]}},"s":{"0":2,"1":2,"2":21,"3":3,"4":3,"5":18,"6":18,"7":2},"f":{"0":21},"b":{"0":[3],"1":[21,19],"2":[18]}}
,"/home/cs139/EasyInvest/server/handlers/authUtils.ts": {"path":"/home/cs139/EasyInvest/server/handlers/authUtils.ts","statementMap":{"0":{"start":{"line":1,"column":0},"end":{"line":1,"column":48}},"1":{"start":{"line":3,"column":0},"end":{"line":3,"column":28}},"2":{"start":{"line":5,"column":0},"end":{"line":5,"column":16}},"3":{"start":{"line":7,"column":40},"end":{"line":10,"column":2}},"4":{"start":{"line":11,"column":41},"end":{"line":14,"column":2}},"5":{"start":{"line":16,"column":35},"end":{"line":20,"column":1}},"6":{"start":{"line":17,"column":2},"end":{"line":18,"column":74}},"7":{"start":{"line":18,"column":4},"end":{"line":18,"column":74}},"8":{"start":{"line":19,"column":2},"end":{"line":19,"column":68}},"9":{"start":{"line":16,"column":13},"end":{"line":16,"column":35}},"10":{"start":{"line":22,"column":36},"end":{"line":28,"column":1}},"11":{"start":{"line":23,"column":2},"end":{"line":26,"column":6}},"12":{"start":{"line":24,"column":4},"end":{"line":26,"column":6}},"13":{"start":{"line":27,"column":2},"end":{"line":27,"column":77}},"14":{"start":{"line":22,"column":13},"end":{"line":22,"column":36}},"15":{"start":{"line":30,"column":30},"end":{"line":39,"column":1}},"16":{"start":{"line":31,"column":2},"end":{"line":38,"column":3}},"17":{"start":{"line":32,"column":23},"end":{"line":32,"column":51}},"18":{"start":{"line":33,"column":4},"end":{"line":37,"column":5}},"19":{"start":{"line":34,"column":6},"end":{"line":36,"column":11}},"20":{"start":{"line":30,"column":13},"end":{"line":30,"column":30}},"21":{"start":{"line":41,"column":33},"end":{"line":48,"column":1}},"22":{"start":{"line":42,"column":2},"end":{"line":47,"column":3}},"23":{"start":{"line":43,"column":4},"end":{"line":43,"column":74}},"24":{"start":{"line":43,"column":33},"end":{"line":43,"column":74}},"25":{"start":{"line":44,"column":4},"end":{"line":44,"column":75}},"26":{"start":{"line":46,"column":4},"end":{"line":46,"column":16}},"27":{"start":{"line":41,"column":13},"end":{"line":41,"column":33}},"28":{"start":{"line":50,"column":34},"end":{"line":62,"column":1}},"29":{"start":{"line":53,"column":2},"end":{"line":61,"column":3}},"30":{"start":{"line":54,"column":4},"end":{"line":55,"column":55}},"31":{"start":{"line":55,"column":6},"end":{"line":55,"column":55}},"32":{"start":{"line":56,"column":4},"end":{"line":58,"column":6}},"33":{"start":{"line":60,"column":4},"end":{"line":60,"column":16}},"34":{"start":{"line":50,"column":13},"end":{"line":50,"column":34}},"35":{"start":{"line":64,"column":20},"end":{"line":108,"column":1}},"36":{"start":{"line":65,"column":2},"end":{"line":107,"column":3}},"37":{"start":{"line":66,"column":23},"end":{"line":66,"column":49}},"38":{"start":{"line":67,"column":4},"end":{"line":70,"column":5}},"39":{"start":{"line":68,"column":6},"end":{"line":68,"column":54}},"40":{"start":{"line":69,"column":6},"end":{"line":69,"column":19}},"41":{"start":{"line":72,"column":16},"end":{"line":72,"column":49}},"42":{"start":{"line":73,"column":18},"end":{"line":73,"column":42}},"43":{"start":{"line":75,"column":4},"end":{"line":98,"column":5}},"44":{"start":{"line":76,"column":27},"end":{"line":76,"column":52}},"45":{"start":{"line":77,"column":6},"end":{"line":80,"column":7}},"46":{"start":{"line":78,"column":8},"end":{"line":78,"column":56}},"47":{"start":{"line":79,"column":8},"end":{"line":79,"column":21}},"48":{"start":{"line":82,"column":29},"end":{"line":82,"column":61}},"49":{"start":{"line":83,"column":6},"end":{"line":86,"column":7}},"50":{"start":{"line":84,"column":8},"end":{"line":84,"column":65}},"51":{"start":{"line":85,"column":8},"end":{"line":85,"column":21}},"52":{"start":{"line":88,"column":29},"end":{"line":90,"column":8}},"53":{"start":{"line":91,"column":6},"end":{"line":95,"column":9}},"54":{"start":{"line":97,"column":6},"end":{"line":97,"column":31}},"55":{"start":{"line":100,"column":5},"end":{"line":100,"column":32}},"56":{"start":{"line":102,"column":4},"end":{"line":102,"column":41}},"57":{"start":{"line":103,"column":4},"end":{"line":103,"column":16}},"58":{"start":{"line":105,"column":4},"end":{"line":105,"column":55}},"59":{"start":{"line":106,"column":4},"end":{"line":106,"column":17}},"60":{"start":{"line":64,"column":13},"end":{"line":64,"column":20}}},"fnMap":{"0":{"name":"(anonymous_1)","decl":{"start":{"line":16,"column":35},"end":{"line":16,"column":36}},"loc":{"start":{"line":16,"column":72},"end":{"line":20,"column":1}}},"1":{"name":"(anonymous_2)","decl":{"start":{"line":22,"column":36},"end":{"line":22,"column":37}},"loc":{"start":{"line":22,"column":73},"end":{"line":28,"column":1}}},"2":{"name":"(anonymous_3)","decl":{"start":{"line":30,"column":30},"end":{"line":30,"column":31}},"loc":{"start":{"line":30,"column":67},"end":{"line":39,"column":1}}},"3":{"name":"(anonymous_4)","decl":{"start":{"line":41,"column":33},"end":{"line":41,"column":34}},"loc":{"start":{"line":41,"column":78},"end":{"line":48,"column":1}}},"4":{"name":"(anonymous_5)","decl":{"start":{"line":50,"column":34},"end":{"line":50,"column":null}},"loc":{"start":{"line":52,"column":31},"end":{"line":62,"column":1}}},"5":{"name":"(anonymous_6)","decl":{"start":{"line":64,"column":20},"end":{"line":64,"column":21}},"loc":{"start":{"line":64,"column":61},"end":{"line":108,"column":1}}}},"branchMap":{"0":{"loc":{"start":{"line":17,"column":2},"end":{"line":18,"column":74}},"type":"if","locations":[{"start":{"line":17,"column":2},"end":{"line":18,"column":74}}]},"1":{"loc":{"start":{"line":23,"column":2},"end":{"line":26,"column":6}},"type":"if","locations":[{"start":{"line":23,"column":2},"end":{"line":26,"column":6}}]},"2":{"loc":{"start":{"line":31,"column":2},"end":{"line":38,"column":3}},"type":"if","locations":[{"start":{"line":31,"column":2},"end":{"line":38,"column":3}}]},"3":{"loc":{"start":{"line":33,"column":4},"end":{"line":37,"column":5}},"type":"if","locations":[{"start":{"line":33,"column":4},"end":{"line":37,"column":5}}]},"4":{"loc":{"start":{"line":43,"column":4},"end":{"line":43,"column":74}},"type":"if","locations":[{"start":{"line":43,"column":4},"end":{"line":43,"column":74}}]},"5":{"loc":{"start":{"line":54,"column":4},"end":{"line":55,"column":55}},"type":"if","locations":[{"start":{"line":54,"column":4},"end":{"line":55,"column":55}}]},"6":{"loc":{"start":{"line":67,"column":4},"end":{"line":70,"column":5}},"type":"if","locations":[{"start":{"line":67,"column":4},"end":{"line":70,"column":5}}]},"7":{"loc":{"start":{"line":75,"column":4},"end":{"line":98,"column":5}},"type":"if","locations":[{"start":{"line":75,"column":4},"end":{"line":98,"column":5}}]},"8":{"loc":{"start":{"line":77,"column":6},"end":{"line":80,"column":7}},"type":"if","locations":[{"start":{"line":77,"column":6},"end":{"line":80,"column":7}}]},"9":{"loc":{"start":{"line":83,"column":6},"end":{"line":86,"column":7}},"type":"if","locations":[{"start":{"line":83,"column":6},"end":{"line":86,"column":7}}]}},"s":{"0":2,"1":2,"2":2,"3":2,"4":2,"5":2,"6":3,"7":0,"8":3,"9":2,"10":2,"11":3,"12":0,"13":3,"14":2,"15":2,"16":10,"17":10,"18":10,"19":10,"20":2,"21":2,"22":32,"23":32,"24":0,"25":32,"26":0,"27":2,"28":2,"29":0,"30":0,"31":0,"32":0,"33":0,"34":2,"35":2,"36":18,"37":18,"38":18,"39":0,"40":0,"41":18,"42":18,"43":18,"44":0,"45":0,"46":0,"47":0,"48":0,"49":0,"50":0,"51":0,"52":0,"53":0,"54":0,"55":18,"56":18,"57":18,"58":0,"59":0,"60":2},"f":{"0":3,"1":3,"2":10,"3":32,"4":0,"5":18},"b":{"0":[0],"1":[0],"2":[10],"3":[10],"4":[0],"5":[0],"6":[0],"7":[0],"8":[0],"9":[0]}}
,"/home/cs139/EasyInvest/server/handlers/passportConfig.ts": {"path":"/home/cs139/EasyInvest/server/handlers/passportConfig.ts","statementMap":{"0":{"start":{"line":1,"column":0},"end":{"line":1,"column":32}},"1":{"start":{"line":2,"column":0},"end":{"line":2,"column":69}},"2":{"start":{"line":3,"column":0},"end":{"line":3,"column":28}},"3":{"start":{"line":4,"column":0},"end":{"line":4,"column":37}},"4":{"start":{"line":6,"column":0},"end":{"line":6,"column":16}},"5":{"start":{"line":8,"column":13},"end":{"line":8,"column":37}},"6":{"start":{"line":10,"column":0},"end":{"line":46,"column":2}},"7":{"start":{"line":18,"column":6},"end":{"line":43,"column":7}},"8":{"start":{"line":20,"column":22},"end":{"line":20,"column":48}},"9":{"start":{"line":21,"column":25},"end":{"line":21,"column":45}},"10":{"start":{"line":23,"column":29},"end":{"line":25,"column":10}},"11":{"start":{"line":27,"column":21},"end":{"line":30,"column":10}},"12":{"start":{"line":32,"column":8},"end":{"line":38,"column":9}},"13":{"start":{"line":33,"column":26},"end":{"line":33,"column":40}},"14":{"start":{"line":34,"column":10},"end":{"line":34,"column":31}},"15":{"start":{"line":35,"column":10},"end":{"line":35,"column":42}},"16":{"start":{"line":37,"column":10},"end":{"line":37,"column":47}},"17":{"start":{"line":40,"column":8},"end":{"line":40,"column":47}},"18":{"start":{"line":42,"column":8},"end":{"line":42,"column":34}},"19":{"start":{"line":48,"column":0},"end":{"line":50,"column":3}},"20":{"start":{"line":49,"column":2},"end":{"line":49,"column":19}},"21":{"start":{"line":52,"column":0},"end":{"line":54,"column":3}},"22":{"start":{"line":53,"column":2},"end":{"line":53,"column":35}},"23":{"start":{"line":56,"column":0},"end":{"line":56,"column":24}}},"fnMap":{"0":{"name":"(anonymous_1)","decl":{"start":{"line":17,"column":4},"end":{"line":17,"column":9}},"loc":{"start":{"line":17,"column":55},"end":{"line":44,"column":5}}},"1":{"name":"(anonymous_2)","decl":{"start":{"line":48,"column":23},"end":{"line":48,"column":24}},"loc":{"start":{"line":48,"column":38},"end":{"line":50,"column":1}}},"2":{"name":"(anonymous_3)","decl":{"start":{"line":52,"column":25},"end":{"line":52,"column":26}},"loc":{"start":{"line":52,"column":40},"end":{"line":54,"column":1}}}},"branchMap":{"0":{"loc":{"start":{"line":8,"column":13},"end":{"line":8,"column":37}},"type":"binary-expr","locations":[{"start":{"line":8,"column":13},"end":{"line":8,"column":29}},{"start":{"line":8,"column":33},"end":{"line":8,"column":37}}]},"1":{"loc":{"start":{"line":32,"column":8},"end":{"line":38,"column":9}},"type":"if","locations":[{"start":{"line":32,"column":8},"end":{"line":38,"column":9}},{"start":{"line":36,"column":15},"end":{"line":38,"column":9}}]}},"s":{"0":2,"1":2,"2":2,"3":2,"4":2,"5":2,"6":2,"7":0,"8":0,"9":0,"10":0,"11":0,"12":0,"13":0,"14":0,"15":0,"16":0,"17":0,"18":0,"19":2,"20":0,"21":2,"22":0,"23":2},"f":{"0":0,"1":0,"2":0},"b":{"0":[2,0],"1":[0,0]}}
,"/home/cs139/EasyInvest/server/handlers/uploadUtils.ts": {"path":"/home/cs139/EasyInvest/server/handlers/uploadUtils.ts","statementMap":{"0":{"start":{"line":1,"column":0},"end":{"line":1,"column":28}},"1":{"start":{"line":2,"column":0},"end":{"line":2,"column":24}},"2":{"start":{"line":3,"column":0},"end":{"line":3,"column":36}},"3":{"start":{"line":5,"column":16},"end":{"line":21,"column":2}},"4":{"start":{"line":7,"column":21},"end":{"line":7,"column":30}},"5":{"start":{"line":9,"column":4},"end":{"line":13,"column":5}},"6":{"start":{"line":10,"column":6},"end":{"line":10,"column":35}},"7":{"start":{"line":11,"column":11},"end":{"line":13,"column":5}},"8":{"start":{"line":12,"column":6},"end":{"line":12,"column":38}},"9":{"start":{"line":15,"column":4},"end":{"line":15,"column":25}},"10":{"start":{"line":18,"column":27},"end":{"line":18,"column":69}},"11":{"start":{"line":19,"column":4},"end":{"line":19,"column":29}},"12":{"start":{"line":23,"column":15},"end":{"line":23,"column":34}},"13":{"start":{"line":25,"column":0},"end":{"line":25,"column":22}}},"fnMap":{"0":{"name":"(anonymous_1)","decl":{"start":{"line":6,"column":15},"end":{"line":6,"column":16}},"loc":{"start":{"line":6,"column":33},"end":{"line":16,"column":3}}},"1":{"name":"(anonymous_2)","decl":{"start":{"line":17,"column":12},"end":{"line":17,"column":13}},"loc":{"start":{"line":17,"column":30},"end":{"line":20,"column":3}}}},"branchMap":{"0":{"loc":{"start":{"line":9,"column":4},"end":{"line":13,"column":5}},"type":"if","locations":[{"start":{"line":9,"column":4},"end":{"line":13,"column":5}},{"start":{"line":11,"column":11},"end":{"line":13,"column":5}}]},"1":{"loc":{"start":{"line":11,"column":11},"end":{"line":13,"column":5}},"type":"if","locations":[{"start":{"line":11,"column":11},"end":{"line":13,"column":5}}]}},"s":{"0":2,"1":2,"2":2,"3":2,"4":2,"5":2,"6":2,"7":0,"8":0,"9":2,"10":2,"11":2,"12":2,"13":2},"f":{"0":2,"1":2},"b":{"0":[2,0],"1":[0]}}
,"/home/cs139/EasyInvest/server/models/models.ts": {"path":"/home/cs139/EasyInvest/server/models/models.ts","statementMap":{"0":{"start":{"line":1,"column":0},"end":{"line":1,"column":54}},"1":{"start":{"line":11,"column":19},"end":{"line":17,"column":2}},"2":{"start":{"line":19,"column":13},"end":{"line":20,"column":68}},"3":{"start":{"line":42,"column":22},"end":{"line":60,"column":2}},"4":{"start":{"line":62,"column":13},"end":{"line":63,"column":80}}},"fnMap":{},"branchMap":{"0":{"loc":{"start":{"line":20,"column":2},"end":{"line":20,"column":67}},"type":"binary-expr","locations":[{"start":{"line":20,"column":2},"end":{"line":20,"column":22}},{"start":{"line":20,"column":26},"end":{"line":20,"column":67}}]},"1":{"loc":{"start":{"line":63,"column":2},"end":{"line":63,"column":79}},"type":"binary-expr","locations":[{"start":{"line":63,"column":2},"end":{"line":63,"column":25}},{"start":{"line":63,"column":29},"end":{"line":63,"column":79}}]}},"s":{"0":2,"1":2,"2":2,"3":2,"4":2},"f":{},"b":{"0":[2,0],"1":[2,0]}}
,"/home/cs139/EasyInvest/server/routes/googleRoute.ts": {"path":"/home/cs139/EasyInvest/server/routes/googleRoute.ts","statementMap":{"0":{"start":{"line":1,"column":0},"end":{"line":1,"column":30}},"1":{"start":{"line":2,"column":0},"end":{"line":2,"column":32}},"2":{"start":{"line":3,"column":0},"end":{"line":3,"column":36}},"3":{"start":{"line":4,"column":0},"end":{"line":4,"column":null}},"4":{"start":{"line":9,"column":15},"end":{"line":9,"column":31}},"5":{"start":{"line":11,"column":0},"end":{"line":14,"column":2}},"6":{"start":{"line":16,"column":0},"end":{"line":31,"column":2}},"7":{"start":{"line":20,"column":23},"end":{"line":20,"column":38}},"8":{"start":{"line":22,"column":24},"end":{"line":22,"column":55}},"9":{"start":{"line":23,"column":25},"end":{"line":23,"column":57}},"10":{"start":{"line":25,"column":4},"end":{"line":25,"column":45}},"11":{"start":{"line":26,"column":4},"end":{"line":26,"column":57}},"12":{"start":{"line":29,"column":4},"end":{"line":29,"column":56}},"13":{"start":{"line":33,"column":0},"end":{"line":33,"column":22}}},"fnMap":{"0":{"name":"(anonymous_1)","decl":{"start":{"line":19,"column":2},"end":{"line":19,"column":3}},"loc":{"start":{"line":19,"column":15},"end":{"line":30,"column":3}}}},"branchMap":{},"s":{"0":2,"1":2,"2":2,"3":2,"4":2,"5":2,"6":2,"7":0,"8":0,"9":0,"10":0,"11":0,"12":0,"13":2},"f":{"0":0},"b":{}}
,"/home/cs139/EasyInvest/server/routes/smartSearchRoute.ts": {"path":"/home/cs139/EasyInvest/server/routes/smartSearchRoute.ts","statementMap":{"0":{"start":{"line":1,"column":0},"end":{"line":1,"column":103}},"1":{"start":{"line":2,"column":0},"end":{"line":2,"column":30}},"2":{"start":{"line":4,"column":15},"end":{"line":4,"column":31}},"3":{"start":{"line":6,"column":0},"end":{"line":6,"column":58}},"4":{"start":{"line":7,"column":0},"end":{"line":7,"column":46}},"5":{"start":{"line":9,"column":0},"end":{"line":9,"column":22}}},"fnMap":{},"branchMap":{},"s":{"0":2,"1":2,"2":2,"3":2,"4":2,"5":2},"f":{},"b":{}}
,"/home/cs139/EasyInvest/server/routes/startupsRoute.ts": {"path":"/home/cs139/EasyInvest/server/routes/startupsRoute.ts","statementMap":{"0":{"start":{"line":1,"column":0},"end":{"line":1,"column":53}},"1":{"start":{"line":2,"column":0},"end":{"line":2,"column":32}},"2":{"start":{"line":3,"column":0},"end":{"line":3,"column":46}},"3":{"start":{"line":4,"column":0},"end":{"line":4,"column":46}},"4":{"start":{"line":6,"column":0},"end":{"line":6,"column":74}},"5":{"start":{"line":7,"column":0},"end":{"line":7,"column":45}},"6":{"start":{"line":9,"column":15},"end":{"line":9,"column":31}},"7":{"start":{"line":10,"column":0},"end":{"line":10,"column":27}},"8":{"start":{"line":98,"column":0},"end":{"line":182,"column":2}},"9":{"start":{"line":102,"column":4},"end":{"line":180,"column":5}},"10":{"start":{"line":117,"column":30},"end":{"line":117,"column":38}},"11":{"start":{"line":118,"column":20},"end":{"line":120,"column":19}},"12":{"start":{"line":121,"column":6},"end":{"line":138,"column":7}},"13":{"start":{"line":136,"column":8},"end":{"line":136,"column":70}},"14":{"start":{"line":137,"column":8},"end":{"line":137,"column":15}},"15":{"start":{"line":140,"column":20},"end":{"line":140,"column":45}},"16":{"start":{"line":141,"column":25},"end":{"line":141,"column":67}},"17":{"start":{"line":142,"column":19},"end":{"line":142,"column":46}},"18":{"start":{"line":144,"column":6},"end":{"line":147,"column":7}},"19":{"start":{"line":145,"column":8},"end":{"line":145,"column":58}},"20":{"start":{"line":146,"column":8},"end":{"line":146,"column":15}},"21":{"start":{"line":149,"column":25},"end":{"line":165,"column":8}},"22":{"start":{"line":167,"column":6},"end":{"line":167,"column":30}},"23":{"start":{"line":169,"column":6},"end":{"line":169,"column":41}},"24":{"start":{"line":170,"column":6},"end":{"line":170,"column":24}},"25":{"start":{"line":172,"column":20},"end":{"line":172,"column":76}},"26":{"start":{"line":173,"column":6},"end":{"line":173,"column":34}},"27":{"start":{"line":175,"column":6},"end":{"line":175,"column":36}},"28":{"start":{"line":176,"column":6},"end":{"line":176,"column":54}},"29":{"start":{"line":177,"column":6},"end":{"line":179,"column":73}},"30":{"start":{"line":184,"column":24},"end":{"line":189,"column":2}},"31":{"start":{"line":191,"column":25},"end":{"line":207,"column":2}},"32":{"start":{"line":300,"column":0},"end":{"line":334,"column":3}},"33":{"start":{"line":301,"column":2},"end":{"line":333,"column":3}},"34":{"start":{"line":302,"column":67},"end":{"line":302,"column":76}},"35":{"start":{"line":304,"column":24},"end":{"line":304,"column":26}},"36":{"start":{"line":305,"column":4},"end":{"line":307,"column":5}},"37":{"start":{"line":306,"column":6},"end":{"line":306,"column":62}},"38":{"start":{"line":309,"column":4},"end":{"line":315,"column":5}},"39":{"start":{"line":310,"column":6},"end":{"line":314,"column":7}},"40":{"start":{"line":311,"column":8},"end":{"line":311,"column":52}},"41":{"start":{"line":313,"column":8},"end":{"line":313,"column":32}},"42":{"start":{"line":316,"column":4},"end":{"line":317,"column":74}},"43":{"start":{"line":317,"column":6},"end":{"line":317,"column":74}},"44":{"start":{"line":318,"column":4},"end":{"line":318,"column":77}},"45":{"start":{"line":318,"column":20},"end":{"line":318,"column":77}},"46":{"start":{"line":319,"column":4},"end":{"line":323,"column":5}},"47":{"start":{"line":320,"column":18},"end":{"line":320,"column":51}},"48":{"start":{"line":321,"column":20},"end":{"line":321,"column":62}},"49":{"start":{"line":322,"column":6},"end":{"line":322,"column":70}},"50":{"start":{"line":325,"column":21},"end":{"line":327,"column":30}},"51":{"start":{"line":329,"column":4},"end":{"line":329,"column":35}},"52":{"start":{"line":331,"column":4},"end":{"line":331,"column":23}},"53":{"start":{"line":332,"column":4},"end":{"line":332,"column":63}},"54":{"start":{"line":399,"column":0},"end":{"line":421,"column":3}},"55":{"start":{"line":400,"column":2},"end":{"line":420,"column":3}},"56":{"start":{"line":401,"column":19},"end":{"line":401,"column":36}},"57":{"start":{"line":402,"column":4},"end":{"line":405,"column":5}},"58":{"start":{"line":403,"column":6},"end":{"line":403,"column":66}},"59":{"start":{"line":404,"column":6},"end":{"line":404,"column":13}},"60":{"start":{"line":406,"column":27},"end":{"line":409,"column":30}},"61":{"start":{"line":410,"column":4},"end":{"line":413,"column":5}},"62":{"start":{"line":411,"column":6},"end":{"line":411,"column":31}},"63":{"start":{"line":412,"column":6},"end":{"line":412,"column":13}},"64":{"start":{"line":414,"column":4},"end":{"line":414,"column":41}},"65":{"start":{"line":416,"column":4},"end":{"line":416,"column":53}},"66":{"start":{"line":417,"column":4},"end":{"line":419,"column":68}},"67":{"start":{"line":484,"column":0},"end":{"line":506,"column":3}},"68":{"start":{"line":485,"column":2},"end":{"line":505,"column":3}},"69":{"start":{"line":486,"column":15},"end":{"line":486,"column":28}},"70":{"start":{"line":487,"column":4},"end":{"line":490,"column":5}},"71":{"start":{"line":488,"column":6},"end":{"line":488,"column":67}},"72":{"start":{"line":489,"column":6},"end":{"line":489,"column":13}},"73":{"start":{"line":492,"column":18},"end":{"line":492,"column":62}},"74":{"start":{"line":494,"column":4},"end":{"line":497,"column":5}},"75":{"start":{"line":495,"column":6},"end":{"line":495,"column":59}},"76":{"start":{"line":496,"column":6},"end":{"line":496,"column":13}},"77":{"start":{"line":499,"column":4},"end":{"line":499,"column":32}},"78":{"start":{"line":501,"column":4},"end":{"line":501,"column":58}},"79":{"start":{"line":502,"column":4},"end":{"line":504,"column":71}},"80":{"start":{"line":586,"column":0},"end":{"line":682,"column":2}},"81":{"start":{"line":590,"column":4},"end":{"line":680,"column":5}},"82":{"start":{"line":591,"column":58},"end":{"line":591,"column":60}},"83":{"start":{"line":606,"column":10},"end":{"line":606,"column":18}},"84":{"start":{"line":607,"column":20},"end":{"line":609,"column":19}},"85":{"start":{"line":610,"column":17},"end":{"line":610,"column":30}},"86":{"start":{"line":612,"column":6},"end":{"line":632,"column":7}},"87":{"start":{"line":628,"column":8},"end":{"line":630,"column":75}},"88":{"start":{"line":631,"column":8},"end":{"line":631,"column":15}},"89":{"start":{"line":634,"column":6},"end":{"line":634,"column":43}},"90":{"start":{"line":634,"column":16},"end":{"line":634,"column":43}},"91":{"start":{"line":635,"column":6},"end":{"line":635,"column":64}},"92":{"start":{"line":635,"column":23},"end":{"line":635,"column":64}},"93":{"start":{"line":636,"column":6},"end":{"line":637,"column":63}},"94":{"start":{"line":637,"column":8},"end":{"line":637,"column":63}},"95":{"start":{"line":638,"column":6},"end":{"line":638,"column":55}},"96":{"start":{"line":638,"column":20},"end":{"line":638,"column":55}},"97":{"start":{"line":639,"column":6},"end":{"line":639,"column":55}},"98":{"start":{"line":639,"column":20},"end":{"line":639,"column":55}},"99":{"start":{"line":640,"column":6},"end":{"line":640,"column":58}},"100":{"start":{"line":640,"column":21},"end":{"line":640,"column":58}},"101":{"start":{"line":641,"column":6},"end":{"line":641,"column":43}},"102":{"start":{"line":641,"column":16},"end":{"line":641,"column":43}},"103":{"start":{"line":642,"column":6},"end":{"line":642,"column":64}},"104":{"start":{"line":642,"column":23},"end":{"line":642,"column":64}},"105":{"start":{"line":643,"column":6},"end":{"line":643,"column":67}},"106":{"start":{"line":643,"column":24},"end":{"line":643,"column":67}},"107":{"start":{"line":644,"column":6},"end":{"line":644,"column":67}},"108":{"start":{"line":644,"column":24},"end":{"line":644,"column":67}},"109":{"start":{"line":645,"column":6},"end":{"line":645,"column":52}},"110":{"start":{"line":645,"column":19},"end":{"line":645,"column":52}},"111":{"start":{"line":646,"column":6},"end":{"line":646,"column":67}},"112":{"start":{"line":646,"column":24},"end":{"line":646,"column":67}},"113":{"start":{"line":647,"column":6},"end":{"line":647,"column":55}},"114":{"start":{"line":647,"column":20},"end":{"line":647,"column":55}},"115":{"start":{"line":648,"column":6},"end":{"line":648,"column":46}},"116":{"start":{"line":648,"column":17},"end":{"line":648,"column":46}},"117":{"start":{"line":650,"column":22},"end":{"line":650,"column":66}},"118":{"start":{"line":651,"column":30},"end":{"line":651,"column":79}},"119":{"start":{"line":653,"column":6},"end":{"line":656,"column":7}},"120":{"start":{"line":654,"column":8},"end":{"line":654,"column":61}},"121":{"start":{"line":655,"column":8},"end":{"line":655,"column":15}},"122":{"start":{"line":658,"column":20},"end":{"line":658,"column":45}},"123":{"start":{"line":659,"column":25},"end":{"line":659,"column":67}},"124":{"start":{"line":661,"column":6},"end":{"line":664,"column":7}},"125":{"start":{"line":662,"column":8},"end":{"line":662,"column":80}},"126":{"start":{"line":663,"column":8},"end":{"line":663,"column":15}},"127":{"start":{"line":666,"column":22},"end":{"line":671,"column":null}},"128":{"start":{"line":674,"column":6},"end":{"line":674,"column":36}},"129":{"start":{"line":676,"column":6},"end":{"line":676,"column":54}},"130":{"start":{"line":677,"column":6},"end":{"line":679,"column":73}},"131":{"start":{"line":710,"column":0},"end":{"line":748,"column":3}},"132":{"start":{"line":711,"column":2},"end":{"line":747,"column":3}},"133":{"start":{"line":712,"column":22},"end":{"line":712,"column":35}},"134":{"start":{"line":714,"column":4},"end":{"line":717,"column":5}},"135":{"start":{"line":715,"column":6},"end":{"line":715,"column":67}},"136":{"start":{"line":716,"column":6},"end":{"line":716,"column":13}},"137":{"start":{"line":719,"column":20},"end":{"line":719,"column":71}},"138":{"start":{"line":720,"column":28},"end":{"line":720,"column":77}},"139":{"start":{"line":722,"column":4},"end":{"line":725,"column":5}},"140":{"start":{"line":723,"column":6},"end":{"line":723,"column":59}},"141":{"start":{"line":724,"column":6},"end":{"line":724,"column":13}},"142":{"start":{"line":727,"column":18},"end":{"line":727,"column":43}},"143":{"start":{"line":728,"column":23},"end":{"line":728,"column":65}},"144":{"start":{"line":730,"column":4},"end":{"line":733,"column":5}},"145":{"start":{"line":731,"column":6},"end":{"line":731,"column":78}},"146":{"start":{"line":732,"column":6},"end":{"line":732,"column":13}},"147":{"start":{"line":735,"column":17},"end":{"line":735,"column":38}},"148":{"start":{"line":736,"column":4},"end":{"line":736,"column":34}},"149":{"start":{"line":737,"column":4},"end":{"line":737,"column":22}},"150":{"start":{"line":739,"column":4},"end":{"line":739,"column":47}},"151":{"start":{"line":741,"column":4},"end":{"line":741,"column":70}},"152":{"start":{"line":743,"column":4},"end":{"line":743,"column":52}},"153":{"start":{"line":744,"column":4},"end":{"line":746,"column":71}},"154":{"start":{"line":774,"column":0},"end":{"line":814,"column":3}},"155":{"start":{"line":775,"column":2},"end":{"line":813,"column":3}},"156":{"start":{"line":776,"column":49},"end":{"line":776,"column":57}},"157":{"start":{"line":778,"column":4},"end":{"line":781,"column":5}},"158":{"start":{"line":779,"column":6},"end":{"line":779,"column":66}},"159":{"start":{"line":780,"column":6},"end":{"line":780,"column":13}},"160":{"start":{"line":783,"column":18},"end":{"line":783,"column":43}},"161":{"start":{"line":784,"column":23},"end":{"line":784,"column":65}},"162":{"start":{"line":786,"column":28},"end":{"line":789,"column":6}},"163":{"start":{"line":791,"column":4},"end":{"line":794,"column":5}},"164":{"start":{"line":792,"column":6},"end":{"line":792,"column":67}},"165":{"start":{"line":793,"column":6},"end":{"line":793,"column":13}},"166":{"start":{"line":796,"column":19},"end":{"line":803,"column":6}},"167":{"start":{"line":805,"column":27},"end":{"line":807,"column":6}},"168":{"start":{"line":809,"column":4},"end":{"line":809,"column":41}},"169":{"start":{"line":811,"column":4},"end":{"line":811,"column":59}},"170":{"start":{"line":812,"column":4},"end":{"line":812,"column":80}},"171":{"start":{"line":843,"column":0},"end":{"line":915,"column":3}},"172":{"start":{"line":844,"column":2},"end":{"line":914,"column":3}},"173":{"start":{"line":845,"column":22},"end":{"line":845,"column":42}},"174":{"start":{"line":846,"column":18},"end":{"line":846,"column":56}},"175":{"start":{"line":848,"column":4},"end":{"line":851,"column":5}},"176":{"start":{"line":849,"column":6},"end":{"line":849,"column":66}},"177":{"start":{"line":850,"column":6},"end":{"line":850,"column":13}},"178":{"start":{"line":853,"column":28},"end":{"line":853,"column":66}},"179":{"start":{"line":858,"column":4},"end":{"line":866,"column":5}},"180":{"start":{"line":859,"column":6},"end":{"line":859,"column":28}},"181":{"start":{"line":860,"column":6},"end":{"line":860,"column":49}},"182":{"start":{"line":861,"column":6},"end":{"line":861,"column":28}},"183":{"start":{"line":863,"column":6},"end":{"line":863,"column":28}},"184":{"start":{"line":864,"column":6},"end":{"line":864,"column":47}},"185":{"start":{"line":865,"column":6},"end":{"line":865,"column":31}},"186":{"start":{"line":868,"column":19},"end":{"line":908,"column":6}},"187":{"start":{"line":910,"column":4},"end":{"line":910,"column":33}},"188":{"start":{"line":912,"column":4},"end":{"line":912,"column":59}},"189":{"start":{"line":913,"column":4},"end":{"line":913,"column":79}},"190":{"start":{"line":917,"column":0},"end":{"line":917,"column":22}}},"fnMap":{"0":{"name":"(anonymous_1)","decl":{"start":{"line":101,"column":2},"end":{"line":101,"column":7}},"loc":{"start":{"line":101,"column":40},"end":{"line":181,"column":3}}},"1":{"name":"(anonymous_2)","decl":{"start":{"line":300,"column":16},"end":{"line":300,"column":21}},"loc":{"start":{"line":300,"column":54},"end":{"line":334,"column":1}}},"2":{"name":"(anonymous_3)","decl":{"start":{"line":399,"column":30},"end":{"line":399,"column":35}},"loc":{"start":{"line":399,"column":68},"end":{"line":421,"column":1}}},"3":{"name":"(anonymous_4)","decl":{"start":{"line":484,"column":19},"end":{"line":484,"column":24}},"loc":{"start":{"line":484,"column":57},"end":{"line":506,"column":1}}},"4":{"name":"(anonymous_5)","decl":{"start":{"line":589,"column":2},"end":{"line":589,"column":7}},"loc":{"start":{"line":589,"column":40},"end":{"line":681,"column":3}}},"5":{"name":"(anonymous_6)","decl":{"start":{"line":710,"column":22},"end":{"line":710,"column":27}},"loc":{"start":{"line":710,"column":60},"end":{"line":748,"column":1}}},"6":{"name":"(anonymous_7)","decl":{"start":{"line":774,"column":22},"end":{"line":774,"column":27}},"loc":{"start":{"line":774,"column":60},"end":{"line":814,"column":1}}},"7":{"name":"(anonymous_8)","decl":{"start":{"line":843,"column":32},"end":{"line":843,"column":37}},"loc":{"start":{"line":843,"column":70},"end":{"line":915,"column":1}}}},"branchMap":{"0":{"loc":{"start":{"line":118,"column":20},"end":{"line":120,"column":19}},"type":"cond-expr","locations":[{"start":{"line":119,"column":10},"end":{"line":119,"column":57}},{"start":{"line":120,"column":10},"end":{"line":120,"column":19}}]},"1":{"loc":{"start":{"line":121,"column":6},"end":{"line":138,"column":7}},"type":"if","locations":[{"start":{"line":121,"column":6},"end":{"line":138,"column":7}}]},"2":{"loc":{"start":{"line":122,"column":8},"end":{"line":134,"column":16}},"type":"binary-expr","locations":[{"start":{"line":122,"column":8},"end":{"line":122,"column":13}},{"start":{"line":123,"column":8},"end":{"line":123,"column":20}},{"start":{"line":124,"column":8},"end":{"line":124,"column":21}},{"start":{"line":125,"column":8},"end":{"line":125,"column":27}},{"start":{"line":126,"column":8},"end":{"line":126,"column":17}},{"start":{"line":127,"column":8},"end":{"line":127,"column":17}},{"start":{"line":128,"column":8},"end":{"line":128,"column":18}},{"start":{"line":129,"column":8},"end":{"line":129,"column":20}},{"start":{"line":130,"column":8},"end":{"line":130,"column":13}},{"start":{"line":131,"column":8},"end":{"line":131,"column":21}},{"start":{"line":132,"column":8},"end":{"line":132,"column":21}},{"start":{"line":133,"column":8},"end":{"line":133,"column":17}},{"start":{"line":134,"column":8},"end":{"line":134,"column":16}}]},"3":{"loc":{"start":{"line":140,"column":20},"end":{"line":140,"column":45}},"type":"binary-expr","locations":[{"start":{"line":140,"column":20},"end":{"line":140,"column":39}},{"start":{"line":140,"column":43},"end":{"line":140,"column":45}}]},"4":{"loc":{"start":{"line":141,"column":25},"end":{"line":141,"column":67}},"type":"binary-expr","locations":[{"start":{"line":141,"column":25},"end":{"line":141,"column":49}},{"start":{"line":141,"column":53},"end":{"line":141,"column":67}}]},"5":{"loc":{"start":{"line":144,"column":6},"end":{"line":147,"column":7}},"type":"if","locations":[{"start":{"line":144,"column":6},"end":{"line":147,"column":7}}]},"6":{"loc":{"start":{"line":305,"column":4},"end":{"line":307,"column":5}},"type":"if","locations":[{"start":{"line":305,"column":4},"end":{"line":307,"column":5}}]},"7":{"loc":{"start":{"line":309,"column":4},"end":{"line":315,"column":5}},"type":"if","locations":[{"start":{"line":309,"column":4},"end":{"line":315,"column":5}}]},"8":{"loc":{"start":{"line":310,"column":6},"end":{"line":314,"column":7}},"type":"if","locations":[{"start":{"line":310,"column":6},"end":{"line":314,"column":7}},{"start":{"line":312,"column":13},"end":{"line":314,"column":7}}]},"9":{"loc":{"start":{"line":316,"column":4},"end":{"line":317,"column":74}},"type":"if","locations":[{"start":{"line":316,"column":4},"end":{"line":317,"column":74}}]},"10":{"loc":{"start":{"line":318,"column":4},"end":{"line":318,"column":77}},"type":"if","locations":[{"start":{"line":318,"column":4},"end":{"line":318,"column":77}}]},"11":{"loc":{"start":{"line":319,"column":4},"end":{"line":323,"column":5}},"type":"if","locations":[{"start":{"line":319,"column":4},"end":{"line":323,"column":5}}]},"12":{"loc":{"start":{"line":321,"column":20},"end":{"line":321,"column":62}},"type":"binary-expr","locations":[{"start":{"line":321,"column":20},"end":{"line":321,"column":40}},{"start":{"line":321,"column":44},"end":{"line":321,"column":62}}]},"13":{"loc":{"start":{"line":402,"column":4},"end":{"line":405,"column":5}},"type":"if","locations":[{"start":{"line":402,"column":4},"end":{"line":405,"column":5}}]},"14":{"loc":{"start":{"line":410,"column":4},"end":{"line":413,"column":5}},"type":"if","locations":[{"start":{"line":410,"column":4},"end":{"line":413,"column":5}}]},"15":{"loc":{"start":{"line":487,"column":4},"end":{"line":490,"column":5}},"type":"if","locations":[{"start":{"line":487,"column":4},"end":{"line":490,"column":5}}]},"16":{"loc":{"start":{"line":494,"column":4},"end":{"line":497,"column":5}},"type":"if","locations":[{"start":{"line":494,"column":4},"end":{"line":497,"column":5}}]},"17":{"loc":{"start":{"line":607,"column":20},"end":{"line":609,"column":19}},"type":"cond-expr","locations":[{"start":{"line":608,"column":10},"end":{"line":608,"column":57}},{"start":{"line":609,"column":10},"end":{"line":609,"column":19}}]},"18":{"loc":{"start":{"line":612,"column":6},"end":{"line":632,"column":7}},"type":"if","locations":[{"start":{"line":612,"column":6},"end":{"line":632,"column":7}}]},"19":{"loc":{"start":{"line":613,"column":8},"end":{"line":626,"column":16}},"type":"binary-expr","locations":[{"start":{"line":613,"column":8},"end":{"line":613,"column":13}},{"start":{"line":614,"column":8},"end":{"line":614,"column":20}},{"start":{"line":615,"column":8},"end":{"line":615,"column":21}},{"start":{"line":616,"column":8},"end":{"line":616,"column":27}},{"start":{"line":617,"column":8},"end":{"line":617,"column":17}},{"start":{"line":618,"column":8},"end":{"line":618,"column":17}},{"start":{"line":619,"column":8},"end":{"line":619,"column":18}},{"start":{"line":620,"column":8},"end":{"line":620,"column":20}},{"start":{"line":621,"column":8},"end":{"line":621,"column":13}},{"start":{"line":622,"column":8},"end":{"line":622,"column":21}},{"start":{"line":623,"column":8},"end":{"line":623,"column":21}},{"start":{"line":624,"column":8},"end":{"line":624,"column":17}},{"start":{"line":625,"column":8},"end":{"line":625,"column":11}},{"start":{"line":626,"column":8},"end":{"line":626,"column":16}}]},"20":{"loc":{"start":{"line":634,"column":6},"end":{"line":634,"column":43}},"type":"if","locations":[{"start":{"line":634,"column":6},"end":{"line":634,"column":43}}]},"21":{"loc":{"start":{"line":635,"column":6},"end":{"line":635,"column":64}},"type":"if","locations":[{"start":{"line":635,"column":6},"end":{"line":635,"column":64}}]},"22":{"loc":{"start":{"line":636,"column":6},"end":{"line":637,"column":63}},"type":"if","locations":[{"start":{"line":636,"column":6},"end":{"line":637,"column":63}}]},"23":{"loc":{"start":{"line":638,"column":6},"end":{"line":638,"column":55}},"type":"if","locations":[{"start":{"line":638,"column":6},"end":{"line":638,"column":55}}]},"24":{"loc":{"start":{"line":639,"column":6},"end":{"line":639,"column":55}},"type":"if","locations":[{"start":{"line":639,"column":6},"end":{"line":639,"column":55}}]},"25":{"loc":{"start":{"line":640,"column":6},"end":{"line":640,"column":58}},"type":"if","locations":[{"start":{"line":640,"column":6},"end":{"line":640,"column":58}}]},"26":{"loc":{"start":{"line":641,"column":6},"end":{"line":641,"column":43}},"type":"if","locations":[{"start":{"line":641,"column":6},"end":{"line":641,"column":43}}]},"27":{"loc":{"start":{"line":642,"column":6},"end":{"line":642,"column":64}},"type":"if","locations":[{"start":{"line":642,"column":6},"end":{"line":642,"column":64}}]},"28":{"loc":{"start":{"line":643,"column":6},"end":{"line":643,"column":67}},"type":"if","locations":[{"start":{"line":643,"column":6},"end":{"line":643,"column":67}}]},"29":{"loc":{"start":{"line":644,"column":6},"end":{"line":644,"column":67}},"type":"if","locations":[{"start":{"line":644,"column":6},"end":{"line":644,"column":67}}]},"30":{"loc":{"start":{"line":645,"column":6},"end":{"line":645,"column":52}},"type":"if","locations":[{"start":{"line":645,"column":6},"end":{"line":645,"column":52}}]},"31":{"loc":{"start":{"line":646,"column":6},"end":{"line":646,"column":67}},"type":"if","locations":[{"start":{"line":646,"column":6},"end":{"line":646,"column":67}}]},"32":{"loc":{"start":{"line":647,"column":6},"end":{"line":647,"column":55}},"type":"if","locations":[{"start":{"line":647,"column":6},"end":{"line":647,"column":55}}]},"33":{"loc":{"start":{"line":648,"column":6},"end":{"line":648,"column":46}},"type":"if","locations":[{"start":{"line":648,"column":6},"end":{"line":648,"column":46}}]},"34":{"loc":{"start":{"line":653,"column":6},"end":{"line":656,"column":7}},"type":"if","locations":[{"start":{"line":653,"column":6},"end":{"line":656,"column":7}}]},"35":{"loc":{"start":{"line":658,"column":20},"end":{"line":658,"column":45}},"type":"binary-expr","locations":[{"start":{"line":658,"column":20},"end":{"line":658,"column":39}},{"start":{"line":658,"column":43},"end":{"line":658,"column":45}}]},"36":{"loc":{"start":{"line":659,"column":25},"end":{"line":659,"column":67}},"type":"binary-expr","locations":[{"start":{"line":659,"column":25},"end":{"line":659,"column":49}},{"start":{"line":659,"column":53},"end":{"line":659,"column":67}}]},"37":{"loc":{"start":{"line":661,"column":6},"end":{"line":664,"column":7}},"type":"if","locations":[{"start":{"line":661,"column":6},"end":{"line":664,"column":7}}]},"38":{"loc":{"start":{"line":714,"column":4},"end":{"line":717,"column":5}},"type":"if","locations":[{"start":{"line":714,"column":4},"end":{"line":717,"column":5}}]},"39":{"loc":{"start":{"line":722,"column":4},"end":{"line":725,"column":5}},"type":"if","locations":[{"start":{"line":722,"column":4},"end":{"line":725,"column":5}}]},"40":{"loc":{"start":{"line":727,"column":18},"end":{"line":727,"column":43}},"type":"binary-expr","locations":[{"start":{"line":727,"column":18},"end":{"line":727,"column":37}},{"start":{"line":727,"column":41},"end":{"line":727,"column":43}}]},"41":{"loc":{"start":{"line":728,"column":23},"end":{"line":728,"column":65}},"type":"binary-expr","locations":[{"start":{"line":728,"column":23},"end":{"line":728,"column":47}},{"start":{"line":728,"column":51},"end":{"line":728,"column":65}}]},"42":{"loc":{"start":{"line":730,"column":4},"end":{"line":733,"column":5}},"type":"if","locations":[{"start":{"line":730,"column":4},"end":{"line":733,"column":5}}]},"43":{"loc":{"start":{"line":778,"column":4},"end":{"line":781,"column":5}},"type":"if","locations":[{"start":{"line":778,"column":4},"end":{"line":781,"column":5}}]},"44":{"loc":{"start":{"line":783,"column":18},"end":{"line":783,"column":43}},"type":"binary-expr","locations":[{"start":{"line":783,"column":18},"end":{"line":783,"column":37}},{"start":{"line":783,"column":41},"end":{"line":783,"column":43}}]},"45":{"loc":{"start":{"line":784,"column":23},"end":{"line":784,"column":65}},"type":"binary-expr","locations":[{"start":{"line":784,"column":23},"end":{"line":784,"column":47}},{"start":{"line":784,"column":51},"end":{"line":784,"column":65}}]},"46":{"loc":{"start":{"line":791,"column":4},"end":{"line":794,"column":5}},"type":"if","locations":[{"start":{"line":791,"column":4},"end":{"line":794,"column":5}}]},"47":{"loc":{"start":{"line":791,"column":8},"end":{"line":791,"column":25}},"type":"binary-expr","locations":[{"start":{"line":791,"column":8},"end":{"line":791,"column":13}},{"start":{"line":791,"column":17},"end":{"line":791,"column":25}}]},"48":{"loc":{"start":{"line":848,"column":4},"end":{"line":851,"column":5}},"type":"if","locations":[{"start":{"line":848,"column":4},"end":{"line":851,"column":5}}]},"49":{"loc":{"start":{"line":858,"column":4},"end":{"line":866,"column":5}},"type":"if","locations":[{"start":{"line":858,"column":4},"end":{"line":866,"column":5}},{"start":{"line":862,"column":11},"end":{"line":866,"column":5}}]}},"s":{"0":2,"1":2,"2":2,"3":2,"4":2,"5":2,"6":2,"7":2,"8":2,"9":2,"10":2,"11":2,"12":2,"13":0,"14":0,"15":2,"16":2,"17":2,"18":2,"19":0,"20":0,"21":2,"22":2,"23":2,"24":2,"25":2,"26":2,"27":0,"28":0,"29":0,"30":2,"31":2,"32":2,"33":1,"34":1,"35":1,"36":1,"37":0,"38":1,"39":0,"40":0,"41":0,"42":1,"43":0,"44":1,"45":0,"46":1,"47":0,"48":0,"49":0,"50":1,"51":1,"52":0,"53":0,"54":2,"55":1,"56":1,"57":1,"58":0,"59":0,"60":1,"61":1,"62":0,"63":0,"64":1,"65":0,"66":0,"67":2,"68":1,"69":1,"70":1,"71":0,"72":0,"73":1,"74":1,"75":0,"76":0,"77":1,"78":0,"79":0,"80":2,"81":1,"82":1,"83":1,"84":1,"85":1,"86":1,"87":0,"88":0,"89":1,"90":1,"91":1,"92":1,"93":1,"94":1,"95":1,"96":1,"97":1,"98":1,"99":1,"100":1,"101":1,"102":1,"103":1,"104":1,"105":1,"106":1,"107":1,"108":1,"109":1,"110":1,"111":1,"112":1,"113":1,"114":1,"115":1,"116":0,"117":1,"118":1,"119":1,"120":0,"121":0,"122":1,"123":1,"124":1,"125":0,"126":0,"127":1,"128":1,"129":0,"130":0,"131":2,"132":1,"133":1,"134":1,"135":0,"136":0,"137":1,"138":1,"139":1,"140":0,"141":0,"142":1,"143":1,"144":1,"145":0,"146":0,"147":1,"148":1,"149":1,"150":1,"151":1,"152":0,"153":0,"154":2,"155":1,"156":1,"157":1,"158":0,"159":0,"160":1,"161":1,"162":1,"163":1,"164":0,"165":0,"166":1,"167":1,"168":1,"169":0,"170":0,"171":2,"172":1,"173":1,"174":1,"175":1,"176":0,"177":0,"178":1,"179":1,"180":0,"181":0,"182":0,"183":1,"184":1,"185":1,"186":1,"187":1,"188":0,"189":0,"190":2},"f":{"0":2,"1":1,"2":1,"3":1,"4":1,"5":1,"6":1,"7":1},"b":{"0":[0,2],"1":[0],"2":[2,2,2,2,2,2,2,2,2,2,2,2,2],"3":[2,0],"4":[2,0],"5":[0],"6":[0],"7":[0],"8":[0,0],"9":[0],"10":[0],"11":[0],"12":[0,0],"13":[0],"14":[0],"15":[0],"16":[0],"17":[0,1],"18":[0],"19":[1,1,1,1,1,1,1,1,1,1,1,1,1,1],"20":[1],"21":[1],"22":[1],"23":[1],"24":[1],"25":[1],"26":[1],"27":[1],"28":[1],"29":[1],"30":[1],"31":[1],"32":[1],"33":[0],"34":[0],"35":[1,0],"36":[1,0],"37":[0],"38":[0],"39":[0],"40":[1,0],"41":[1,0],"42":[0],"43":[0],"44":[1,0],"45":[1,0],"46":[0],"47":[1,1],"48":[0],"49":[0,1]}}
,"/home/cs139/EasyInvest/server/routes/topicsRoute.ts": {"path":"/home/cs139/EasyInvest/server/routes/topicsRoute.ts","statementMap":{"0":{"start":{"line":1,"column":0},"end":{"line":1,"column":30}},"1":{"start":{"line":2,"column":0},"end":{"line":2,"column":70}},"2":{"start":{"line":4,"column":15},"end":{"line":4,"column":31}},"3":{"start":{"line":6,"column":0},"end":{"line":6,"column":38}},"4":{"start":{"line":8,"column":0},"end":{"line":8,"column":22}}},"fnMap":{},"branchMap":{},"s":{"0":2,"1":2,"2":2,"3":2,"4":2},"f":{},"b":{}}
,"/home/cs139/EasyInvest/server/routes/usersRoute.ts": {"path":"/home/cs139/EasyInvest/server/routes/usersRoute.ts","statementMap":{"0":{"start":{"line":1,"column":0},"end":{"line":1,"column":53}},"1":{"start":{"line":2,"column":0},"end":{"line":2,"column":28}},"2":{"start":{"line":3,"column":0},"end":{"line":3,"column":37}},"3":{"start":{"line":4,"column":0},"end":{"line":4,"column":46}},"4":{"start":{"line":5,"column":0},"end":{"line":5,"column":45}},"5":{"start":{"line":6,"column":0},"end":{"line":6,"column":null}},"6":{"start":{"line":12,"column":0},"end":{"line":12,"column":36}},"7":{"start":{"line":14,"column":15},"end":{"line":14,"column":31}},"8":{"start":{"line":15,"column":0},"end":{"line":15,"column":27}},"9":{"start":{"line":49,"column":0},"end":{"line":104,"column":2}},"10":{"start":{"line":53,"column":4},"end":{"line":102,"column":5}},"11":{"start":{"line":54,"column":44},"end":{"line":54,"column":52}},"12":{"start":{"line":55,"column":26},"end":{"line":55,"column":47}},"13":{"start":{"line":56,"column":23},"end":{"line":56,"column":41}},"14":{"start":{"line":58,"column":8},"end":{"line":58,"column":66}},"15":{"start":{"line":60,"column":6},"end":{"line":63,"column":7}},"16":{"start":{"line":61,"column":8},"end":{"line":61,"column":63}},"17":{"start":{"line":62,"column":8},"end":{"line":62,"column":15}},"18":{"start":{"line":65,"column":27},"end":{"line":67,"column":8}},"19":{"start":{"line":68,"column":6},"end":{"line":71,"column":7}},"20":{"start":{"line":69,"column":8},"end":{"line":69,"column":72}},"21":{"start":{"line":70,"column":8},"end":{"line":70,"column":15}},"22":{"start":{"line":73,"column":6},"end":{"line":78,"column":7}},"23":{"start":{"line":74,"column":8},"end":{"line":76,"column":69}},"24":{"start":{"line":77,"column":8},"end":{"line":77,"column":15}},"25":{"start":{"line":80,"column":29},"end":{"line":80,"column":60}},"26":{"start":{"line":82,"column":22},"end":{"line":87,"column":8}},"27":{"start":{"line":89,"column":19},"end":{"line":89,"column":39}},"28":{"start":{"line":90,"column":21},"end":{"line":90,"column":40}},"29":{"start":{"line":92,"column":26},"end":{"line":92,"column":57}},"30":{"start":{"line":93,"column":27},"end":{"line":93,"column":59}},"31":{"start":{"line":95,"column":6},"end":{"line":95,"column":47}},"32":{"start":{"line":96,"column":6},"end":{"line":96,"column":59}},"33":{"start":{"line":98,"column":6},"end":{"line":98,"column":44}},"34":{"start":{"line":100,"column":6},"end":{"line":100,"column":51}},"35":{"start":{"line":101,"column":6},"end":{"line":101,"column":59}},"36":{"start":{"line":137,"column":0},"end":{"line":172,"column":3}},"37":{"start":{"line":138,"column":2},"end":{"line":171,"column":3}},"38":{"start":{"line":139,"column":35},"end":{"line":139,"column":43}},"39":{"start":{"line":140,"column":4},"end":{"line":143,"column":5}},"40":{"start":{"line":141,"column":6},"end":{"line":141,"column":67}},"41":{"start":{"line":142,"column":6},"end":{"line":142,"column":13}},"42":{"start":{"line":145,"column":25},"end":{"line":145,"column":57}},"43":{"start":{"line":146,"column":4},"end":{"line":149,"column":5}},"44":{"start":{"line":147,"column":6},"end":{"line":147,"column":63}},"45":{"start":{"line":148,"column":6},"end":{"line":148,"column":13}},"46":{"start":{"line":151,"column":28},"end":{"line":153,"column":null}},"47":{"start":{"line":155,"column":4},"end":{"line":158,"column":5}},"48":{"start":{"line":156,"column":6},"end":{"line":156,"column":63}},"49":{"start":{"line":157,"column":6},"end":{"line":157,"column":13}},"50":{"start":{"line":160,"column":19},"end":{"line":160,"column":46}},"51":{"start":{"line":161,"column":24},"end":{"line":161,"column":55}},"52":{"start":{"line":162,"column":25},"end":{"line":162,"column":57}},"53":{"start":{"line":164,"column":4},"end":{"line":164,"column":45}},"54":{"start":{"line":165,"column":4},"end":{"line":165,"column":57}},"55":{"start":{"line":167,"column":4},"end":{"line":167,"column":42}},"56":{"start":{"line":169,"column":4},"end":{"line":169,"column":46}},"57":{"start":{"line":170,"column":4},"end":{"line":170,"column":57}},"58":{"start":{"line":187,"column":0},"end":{"line":191,"column":3}},"59":{"start":{"line":188,"column":2},"end":{"line":188,"column":35}},"60":{"start":{"line":189,"column":2},"end":{"line":189,"column":34}},"61":{"start":{"line":190,"column":2},"end":{"line":190,"column":63}},"62":{"start":{"line":217,"column":0},"end":{"line":225,"column":3}},"63":{"start":{"line":218,"column":2},"end":{"line":224,"column":3}},"64":{"start":{"line":219,"column":18},"end":{"line":219,"column":35}},"65":{"start":{"line":220,"column":4},"end":{"line":220,"column":32}},"66":{"start":{"line":222,"column":4},"end":{"line":222,"column":50}},"67":{"start":{"line":223,"column":4},"end":{"line":223,"column":78}},"68":{"start":{"line":251,"column":0},"end":{"line":273,"column":3}},"69":{"start":{"line":252,"column":2},"end":{"line":272,"column":3}},"70":{"start":{"line":253,"column":15},"end":{"line":253,"column":28}},"71":{"start":{"line":254,"column":4},"end":{"line":257,"column":5}},"72":{"start":{"line":255,"column":6},"end":{"line":255,"column":64}},"73":{"start":{"line":256,"column":6},"end":{"line":256,"column":13}},"74":{"start":{"line":259,"column":17},"end":{"line":259,"column":62}},"75":{"start":{"line":261,"column":4},"end":{"line":264,"column":5}},"76":{"start":{"line":262,"column":6},"end":{"line":262,"column":56}},"77":{"start":{"line":263,"column":6},"end":{"line":263,"column":13}},"78":{"start":{"line":266,"column":4},"end":{"line":266,"column":31}},"79":{"start":{"line":268,"column":4},"end":{"line":268,"column":55}},"80":{"start":{"line":269,"column":4},"end":{"line":271,"column":68}},"81":{"start":{"line":299,"column":0},"end":{"line":322,"column":3}},"82":{"start":{"line":300,"column":2},"end":{"line":321,"column":3}},"83":{"start":{"line":301,"column":22},"end":{"line":301,"column":42}},"84":{"start":{"line":303,"column":4},"end":{"line":306,"column":5}},"85":{"start":{"line":304,"column":6},"end":{"line":304,"column":67}},"86":{"start":{"line":305,"column":6},"end":{"line":305,"column":13}},"87":{"start":{"line":308,"column":18},"end":{"line":308,"column":59}},"88":{"start":{"line":310,"column":4},"end":{"line":313,"column":5}},"89":{"start":{"line":311,"column":6},"end":{"line":311,"column":57}},"90":{"start":{"line":312,"column":6},"end":{"line":312,"column":13}},"91":{"start":{"line":315,"column":4},"end":{"line":315,"column":32}},"92":{"start":{"line":317,"column":4},"end":{"line":317,"column":55}},"93":{"start":{"line":318,"column":4},"end":{"line":320,"column":68}},"94":{"start":{"line":363,"column":0},"end":{"line":424,"column":2}},"95":{"start":{"line":367,"column":4},"end":{"line":422,"column":5}},"96":{"start":{"line":368,"column":44},"end":{"line":368,"column":52}},"97":{"start":{"line":369,"column":27},"end":{"line":369,"column":74}},"98":{"start":{"line":370,"column":17},"end":{"line":370,"column":30}},"99":{"start":{"line":372,"column":6},"end":{"line":377,"column":7}},"100":{"start":{"line":373,"column":8},"end":{"line":375,"column":72}},"101":{"start":{"line":376,"column":8},"end":{"line":376,"column":15}},"102":{"start":{"line":384,"column":10},"end":{"line":384,"column":12}},"103":{"start":{"line":385,"column":6},"end":{"line":385,"column":51}},"104":{"start":{"line":385,"column":20},"end":{"line":385,"column":51}},"105":{"start":{"line":386,"column":6},"end":{"line":386,"column":42}},"106":{"start":{"line":386,"column":17},"end":{"line":386,"column":42}},"107":{"start":{"line":387,"column":6},"end":{"line":390,"column":7}},"108":{"start":{"line":388,"column":31},"end":{"line":388,"column":62}},"109":{"start":{"line":389,"column":8},"end":{"line":389,"column":45}},"110":{"start":{"line":391,"column":6},"end":{"line":391,"column":59}},"111":{"start":{"line":391,"column":20},"end":{"line":391,"column":59}},"112":{"start":{"line":393,"column":27},"end":{"line":393,"column":58}},"113":{"start":{"line":395,"column":6},"end":{"line":398,"column":7}},"114":{"start":{"line":396,"column":8},"end":{"line":396,"column":58}},"115":{"start":{"line":397,"column":8},"end":{"line":397,"column":15}},"116":{"start":{"line":400,"column":20},"end":{"line":400,"column":45}},"117":{"start":{"line":401,"column":25},"end":{"line":401,"column":67}},"118":{"start":{"line":403,"column":6},"end":{"line":406,"column":7}},"119":{"start":{"line":404,"column":8},"end":{"line":404,"column":77}},"120":{"start":{"line":405,"column":8},"end":{"line":405,"column":15}},"121":{"start":{"line":408,"column":26},"end":{"line":410,"column":8}},"122":{"start":{"line":411,"column":6},"end":{"line":414,"column":7}},"123":{"start":{"line":412,"column":8},"end":{"line":412,"column":58}},"124":{"start":{"line":413,"column":8},"end":{"line":413,"column":15}},"125":{"start":{"line":416,"column":6},"end":{"line":416,"column":40}},"126":{"start":{"line":418,"column":6},"end":{"line":418,"column":51}},"127":{"start":{"line":419,"column":6},"end":{"line":421,"column":70}},"128":{"start":{"line":452,"column":0},"end":{"line":481,"column":3}},"129":{"start":{"line":453,"column":2},"end":{"line":480,"column":3}},"130":{"start":{"line":454,"column":15},"end":{"line":454,"column":28}},"131":{"start":{"line":455,"column":4},"end":{"line":458,"column":5}},"132":{"start":{"line":456,"column":6},"end":{"line":456,"column":64}},"133":{"start":{"line":457,"column":6},"end":{"line":457,"column":13}},"134":{"start":{"line":460,"column":18},"end":{"line":460,"column":43}},"135":{"start":{"line":461,"column":23},"end":{"line":461,"column":65}},"136":{"start":{"line":463,"column":4},"end":{"line":466,"column":5}},"137":{"start":{"line":464,"column":6},"end":{"line":464,"column":75}},"138":{"start":{"line":465,"column":6},"end":{"line":465,"column":13}},"139":{"start":{"line":468,"column":24},"end":{"line":468,"column":56}},"140":{"start":{"line":469,"column":4},"end":{"line":472,"column":5}},"141":{"start":{"line":470,"column":6},"end":{"line":470,"column":56}},"142":{"start":{"line":471,"column":6},"end":{"line":471,"column":13}},"143":{"start":{"line":474,"column":4},"end":{"line":474,"column":38}},"144":{"start":{"line":476,"column":4},"end":{"line":476,"column":49}},"145":{"start":{"line":477,"column":4},"end":{"line":479,"column":68}},"146":{"start":{"line":483,"column":20},"end":{"line":491,"column":2}},"147":{"start":{"line":521,"column":0},"end":{"line":556,"column":3}},"148":{"start":{"line":522,"column":2},"end":{"line":555,"column":3}},"149":{"start":{"line":523,"column":49},"end":{"line":523,"column":57}},"150":{"start":{"line":525,"column":4},"end":{"line":528,"column":5}},"151":{"start":{"line":526,"column":6},"end":{"line":526,"column":66}},"152":{"start":{"line":527,"column":6},"end":{"line":527,"column":13}},"153":{"start":{"line":530,"column":18},"end":{"line":530,"column":43}},"154":{"start":{"line":531,"column":23},"end":{"line":531,"column":65}},"155":{"start":{"line":532,"column":17},"end":{"line":532,"column":44}},"156":{"start":{"line":534,"column":4},"end":{"line":537,"column":5}},"157":{"start":{"line":535,"column":6},"end":{"line":535,"column":56}},"158":{"start":{"line":536,"column":6},"end":{"line":536,"column":13}},"159":{"start":{"line":539,"column":19},"end":{"line":539,"column":54}},"160":{"start":{"line":540,"column":24},"end":{"line":542,"column":6}},"161":{"start":{"line":544,"column":4},"end":{"line":547,"column":5}},"162":{"start":{"line":545,"column":6},"end":{"line":545,"column":56}},"163":{"start":{"line":546,"column":6},"end":{"line":546,"column":13}},"164":{"start":{"line":549,"column":4},"end":{"line":549,"column":38}},"165":{"start":{"line":551,"column":4},"end":{"line":551,"column":51}},"166":{"start":{"line":552,"column":4},"end":{"line":554,"column":70}},"167":{"start":{"line":584,"column":0},"end":{"line":624,"column":3}},"168":{"start":{"line":585,"column":2},"end":{"line":623,"column":3}},"169":{"start":{"line":586,"column":22},"end":{"line":586,"column":42}},"170":{"start":{"line":588,"column":4},"end":{"line":591,"column":5}},"171":{"start":{"line":589,"column":6},"end":{"line":589,"column":66}},"172":{"start":{"line":590,"column":6},"end":{"line":590,"column":13}},"173":{"start":{"line":593,"column":18},"end":{"line":593,"column":37}},"174":{"start":{"line":594,"column":4},"end":{"line":597,"column":5}},"175":{"start":{"line":595,"column":6},"end":{"line":595,"column":63}},"176":{"start":{"line":596,"column":6},"end":{"line":596,"column":13}},"177":{"start":{"line":599,"column":23},"end":{"line":599,"column":53}},"178":{"start":{"line":600,"column":4},"end":{"line":603,"column":5}},"179":{"start":{"line":601,"column":6},"end":{"line":601,"column":66}},"180":{"start":{"line":602,"column":6},"end":{"line":602,"column":13}},"181":{"start":{"line":605,"column":17},"end":{"line":605,"column":44}},"182":{"start":{"line":606,"column":4},"end":{"line":609,"column":5}},"183":{"start":{"line":607,"column":6},"end":{"line":607,"column":56}},"184":{"start":{"line":608,"column":6},"end":{"line":608,"column":13}},"185":{"start":{"line":611,"column":24},"end":{"line":614,"column":null}},"186":{"start":{"line":617,"column":4},"end":{"line":617,"column":38}},"187":{"start":{"line":619,"column":4},"end":{"line":619,"column":53}},"188":{"start":{"line":620,"column":4},"end":{"line":622,"column":72}},"189":{"start":{"line":666,"column":0},"end":{"line":727,"column":3}},"190":{"start":{"line":667,"column":2},"end":{"line":726,"column":3}},"191":{"start":{"line":668,"column":18},"end":{"line":668,"column":34}},"192":{"start":{"line":669,"column":33},"end":{"line":669,"column":41}},"193":{"start":{"line":671,"column":4},"end":{"line":673,"column":5}},"194":{"start":{"line":672,"column":6},"end":{"line":672,"column":76}},"195":{"start":{"line":675,"column":18},"end":{"line":675,"column":43}},"196":{"start":{"line":676,"column":23},"end":{"line":676,"column":65}},"197":{"start":{"line":678,"column":17},"end":{"line":678,"column":44}},"198":{"start":{"line":679,"column":4},"end":{"line":682,"column":5}},"199":{"start":{"line":680,"column":6},"end":{"line":680,"column":54}},"200":{"start":{"line":681,"column":6},"end":{"line":681,"column":13}},"201":{"start":{"line":684,"column":4},"end":{"line":687,"column":5}},"202":{"start":{"line":685,"column":6},"end":{"line":685,"column":77}},"203":{"start":{"line":686,"column":6},"end":{"line":686,"column":13}},"204":{"start":{"line":689,"column":4},"end":{"line":698,"column":7}},"205":{"start":{"line":700,"column":4},"end":{"line":709,"column":7}},"206":{"start":{"line":711,"column":4},"end":{"line":720,"column":7}},"207":{"start":{"line":722,"column":4},"end":{"line":722,"column":80}},"208":{"start":{"line":724,"column":4},"end":{"line":724,"column":49}},"209":{"start":{"line":725,"column":4},"end":{"line":725,"column":60}},"210":{"start":{"line":729,"column":0},"end":{"line":729,"column":22}}},"fnMap":{"0":{"name":"(anonymous_1)","decl":{"start":{"line":52,"column":2},"end":{"line":52,"column":7}},"loc":{"start":{"line":52,"column":40},"end":{"line":103,"column":3}}},"1":{"name":"(anonymous_2)","decl":{"start":{"line":137,"column":22},"end":{"line":137,"column":27}},"loc":{"start":{"line":137,"column":60},"end":{"line":172,"column":1}}},"2":{"name":"(anonymous_3)","decl":{"start":{"line":187,"column":23},"end":{"line":187,"column":24}},"loc":{"start":{"line":187,"column":55},"end":{"line":191,"column":1}}},"3":{"name":"(anonymous_4)","decl":{"start":{"line":217,"column":16},"end":{"line":217,"column":21}},"loc":{"start":{"line":217,"column":54},"end":{"line":225,"column":1}}},"4":{"name":"(anonymous_5)","decl":{"start":{"line":251,"column":19},"end":{"line":251,"column":24}},"loc":{"start":{"line":251,"column":57},"end":{"line":273,"column":1}}},"5":{"name":"(anonymous_6)","decl":{"start":{"line":299,"column":35},"end":{"line":299,"column":40}},"loc":{"start":{"line":299,"column":73},"end":{"line":322,"column":1}}},"6":{"name":"(anonymous_7)","decl":{"start":{"line":366,"column":2},"end":{"line":366,"column":7}},"loc":{"start":{"line":366,"column":40},"end":{"line":423,"column":3}}},"7":{"name":"(anonymous_8)","decl":{"start":{"line":452,"column":22},"end":{"line":452,"column":27}},"loc":{"start":{"line":452,"column":60},"end":{"line":481,"column":1}}},"8":{"name":"(anonymous_9)","decl":{"start":{"line":521,"column":25},"end":{"line":521,"column":30}},"loc":{"start":{"line":521,"column":63},"end":{"line":556,"column":1}}},"9":{"name":"(anonymous_10)","decl":{"start":{"line":584,"column":38},"end":{"line":584,"column":43}},"loc":{"start":{"line":584,"column":76},"end":{"line":624,"column":1}}},"10":{"name":"(anonymous_11)","decl":{"start":{"line":666,"column":29},"end":{"line":666,"column":34}},"loc":{"start":{"line":666,"column":67},"end":{"line":727,"column":1}}}},"branchMap":{"0":{"loc":{"start":{"line":58,"column":8},"end":{"line":58,"column":66}},"type":"cond-expr","locations":[{"start":{"line":58,"column":34},"end":{"line":58,"column":61}},{"start":{"line":58,"column":64},"end":{"line":58,"column":66}}]},"1":{"loc":{"start":{"line":58,"column":8},"end":{"line":58,"column":31}},"type":"binary-expr","locations":[{"start":{"line":58,"column":8},"end":{"line":58,"column":19}},{"start":{"line":58,"column":23},"end":{"line":58,"column":31}}]},"2":{"loc":{"start":{"line":60,"column":6},"end":{"line":63,"column":7}},"type":"if","locations":[{"start":{"line":60,"column":6},"end":{"line":63,"column":7}}]},"3":{"loc":{"start":{"line":60,"column":10},"end":{"line":60,"column":42}},"type":"binary-expr","locations":[{"start":{"line":60,"column":10},"end":{"line":60,"column":19}},{"start":{"line":60,"column":23},"end":{"line":60,"column":29}},{"start":{"line":60,"column":33},"end":{"line":60,"column":42}}]},"4":{"loc":{"start":{"line":68,"column":6},"end":{"line":71,"column":7}},"type":"if","locations":[{"start":{"line":68,"column":6},"end":{"line":71,"column":7}}]},"5":{"loc":{"start":{"line":73,"column":6},"end":{"line":78,"column":7}},"type":"if","locations":[{"start":{"line":73,"column":6},"end":{"line":78,"column":7}}]},"6":{"loc":{"start":{"line":140,"column":4},"end":{"line":143,"column":5}},"type":"if","locations":[{"start":{"line":140,"column":4},"end":{"line":143,"column":5}}]},"7":{"loc":{"start":{"line":140,"column":8},"end":{"line":140,"column":30}},"type":"binary-expr","locations":[{"start":{"line":140,"column":8},"end":{"line":140,"column":17}},{"start":{"line":140,"column":21},"end":{"line":140,"column":30}}]},"8":{"loc":{"start":{"line":146,"column":4},"end":{"line":149,"column":5}},"type":"if","locations":[{"start":{"line":146,"column":4},"end":{"line":149,"column":5}}]},"9":{"loc":{"start":{"line":153,"column":6},"end":{"line":153,"column":33}},"type":"binary-expr","locations":[{"start":{"line":153,"column":6},"end":{"line":153,"column":27}},{"start":{"line":153,"column":31},"end":{"line":153,"column":33}}]},"10":{"loc":{"start":{"line":155,"column":4},"end":{"line":158,"column":5}},"type":"if","locations":[{"start":{"line":155,"column":4},"end":{"line":158,"column":5}}]},"11":{"loc":{"start":{"line":254,"column":4},"end":{"line":257,"column":5}},"type":"if","locations":[{"start":{"line":254,"column":4},"end":{"line":257,"column":5}}]},"12":{"loc":{"start":{"line":261,"column":4},"end":{"line":264,"column":5}},"type":"if","locations":[{"start":{"line":261,"column":4},"end":{"line":264,"column":5}}]},"13":{"loc":{"start":{"line":303,"column":4},"end":{"line":306,"column":5}},"type":"if","locations":[{"start":{"line":303,"column":4},"end":{"line":306,"column":5}}]},"14":{"loc":{"start":{"line":310,"column":4},"end":{"line":313,"column":5}},"type":"if","locations":[{"start":{"line":310,"column":4},"end":{"line":313,"column":5}}]},"15":{"loc":{"start":{"line":372,"column":6},"end":{"line":377,"column":7}},"type":"if","locations":[{"start":{"line":372,"column":6},"end":{"line":377,"column":7}}]},"16":{"loc":{"start":{"line":385,"column":6},"end":{"line":385,"column":51}},"type":"if","locations":[{"start":{"line":385,"column":6},"end":{"line":385,"column":51}}]},"17":{"loc":{"start":{"line":386,"column":6},"end":{"line":386,"column":42}},"type":"if","locations":[{"start":{"line":386,"column":6},"end":{"line":386,"column":42}}]},"18":{"loc":{"start":{"line":387,"column":6},"end":{"line":390,"column":7}},"type":"if","locations":[{"start":{"line":387,"column":6},"end":{"line":390,"column":7}}]},"19":{"loc":{"start":{"line":391,"column":6},"end":{"line":391,"column":59}},"type":"if","locations":[{"start":{"line":391,"column":6},"end":{"line":391,"column":59}}]},"20":{"loc":{"start":{"line":395,"column":6},"end":{"line":398,"column":7}},"type":"if","locations":[{"start":{"line":395,"column":6},"end":{"line":398,"column":7}}]},"21":{"loc":{"start":{"line":400,"column":20},"end":{"line":400,"column":45}},"type":"binary-expr","locations":[{"start":{"line":400,"column":20},"end":{"line":400,"column":39}},{"start":{"line":400,"column":43},"end":{"line":400,"column":45}}]},"22":{"loc":{"start":{"line":401,"column":25},"end":{"line":401,"column":67}},"type":"binary-expr","locations":[{"start":{"line":401,"column":25},"end":{"line":401,"column":49}},{"start":{"line":401,"column":53},"end":{"line":401,"column":67}}]},"23":{"loc":{"start":{"line":403,"column":6},"end":{"line":406,"column":7}},"type":"if","locations":[{"start":{"line":403,"column":6},"end":{"line":406,"column":7}}]},"24":{"loc":{"start":{"line":411,"column":6},"end":{"line":414,"column":7}},"type":"if","locations":[{"start":{"line":411,"column":6},"end":{"line":414,"column":7}}]},"25":{"loc":{"start":{"line":455,"column":4},"end":{"line":458,"column":5}},"type":"if","locations":[{"start":{"line":455,"column":4},"end":{"line":458,"column":5}}]},"26":{"loc":{"start":{"line":460,"column":18},"end":{"line":460,"column":43}},"type":"binary-expr","locations":[{"start":{"line":460,"column":18},"end":{"line":460,"column":37}},{"start":{"line":460,"column":41},"end":{"line":460,"column":43}}]},"27":{"loc":{"start":{"line":461,"column":23},"end":{"line":461,"column":65}},"type":"binary-expr","locations":[{"start":{"line":461,"column":23},"end":{"line":461,"column":47}},{"start":{"line":461,"column":51},"end":{"line":461,"column":65}}]},"28":{"loc":{"start":{"line":463,"column":4},"end":{"line":466,"column":5}},"type":"if","locations":[{"start":{"line":463,"column":4},"end":{"line":466,"column":5}}]},"29":{"loc":{"start":{"line":469,"column":4},"end":{"line":472,"column":5}},"type":"if","locations":[{"start":{"line":469,"column":4},"end":{"line":472,"column":5}}]},"30":{"loc":{"start":{"line":525,"column":4},"end":{"line":528,"column":5}},"type":"if","locations":[{"start":{"line":525,"column":4},"end":{"line":528,"column":5}}]},"31":{"loc":{"start":{"line":530,"column":18},"end":{"line":530,"column":43}},"type":"binary-expr","locations":[{"start":{"line":530,"column":18},"end":{"line":530,"column":37}},{"start":{"line":530,"column":41},"end":{"line":530,"column":43}}]},"32":{"loc":{"start":{"line":531,"column":23},"end":{"line":531,"column":65}},"type":"binary-expr","locations":[{"start":{"line":531,"column":23},"end":{"line":531,"column":47}},{"start":{"line":531,"column":51},"end":{"line":531,"column":65}}]},"33":{"loc":{"start":{"line":534,"column":4},"end":{"line":537,"column":5}},"type":"if","locations":[{"start":{"line":534,"column":4},"end":{"line":537,"column":5}}]},"34":{"loc":{"start":{"line":544,"column":4},"end":{"line":547,"column":5}},"type":"if","locations":[{"start":{"line":544,"column":4},"end":{"line":547,"column":5}}]},"35":{"loc":{"start":{"line":588,"column":4},"end":{"line":591,"column":5}},"type":"if","locations":[{"start":{"line":588,"column":4},"end":{"line":591,"column":5}}]},"36":{"loc":{"start":{"line":594,"column":4},"end":{"line":597,"column":5}},"type":"if","locations":[{"start":{"line":594,"column":4},"end":{"line":597,"column":5}}]},"37":{"loc":{"start":{"line":599,"column":23},"end":{"line":599,"column":53}},"type":"binary-expr","locations":[{"start":{"line":599,"column":23},"end":{"line":599,"column":47}},{"start":{"line":599,"column":51},"end":{"line":599,"column":53}}]},"38":{"loc":{"start":{"line":600,"column":4},"end":{"line":603,"column":5}},"type":"if","locations":[{"start":{"line":600,"column":4},"end":{"line":603,"column":5}}]},"39":{"loc":{"start":{"line":606,"column":4},"end":{"line":609,"column":5}},"type":"if","locations":[{"start":{"line":606,"column":4},"end":{"line":609,"column":5}}]},"40":{"loc":{"start":{"line":671,"column":4},"end":{"line":673,"column":5}},"type":"if","locations":[{"start":{"line":671,"column":4},"end":{"line":673,"column":5}}]},"41":{"loc":{"start":{"line":671,"column":8},"end":{"line":671,"column":38}},"type":"binary-expr","locations":[{"start":{"line":671,"column":8},"end":{"line":671,"column":14}},{"start":{"line":671,"column":18},"end":{"line":671,"column":26}},{"start":{"line":671,"column":30},"end":{"line":671,"column":38}}]},"42":{"loc":{"start":{"line":675,"column":18},"end":{"line":675,"column":43}},"type":"binary-expr","locations":[{"start":{"line":675,"column":18},"end":{"line":675,"column":37}},{"start":{"line":675,"column":41},"end":{"line":675,"column":43}}]},"43":{"loc":{"start":{"line":676,"column":23},"end":{"line":676,"column":65}},"type":"binary-expr","locations":[{"start":{"line":676,"column":23},"end":{"line":676,"column":47}},{"start":{"line":676,"column":51},"end":{"line":676,"column":65}}]},"44":{"loc":{"start":{"line":679,"column":4},"end":{"line":682,"column":5}},"type":"if","locations":[{"start":{"line":679,"column":4},"end":{"line":682,"column":5}}]},"45":{"loc":{"start":{"line":684,"column":4},"end":{"line":687,"column":5}},"type":"if","locations":[{"start":{"line":684,"column":4},"end":{"line":687,"column":5}}]}},"s":{"0":2,"1":2,"2":2,"3":2,"4":2,"5":2,"6":2,"7":2,"8":2,"9":2,"10":2,"11":2,"12":2,"13":2,"14":2,"15":2,"16":0,"17":0,"18":2,"19":2,"20":0,"21":0,"22":2,"23":0,"24":0,"25":2,"26":2,"27":2,"28":2,"29":2,"30":2,"31":2,"32":2,"33":2,"34":0,"35":0,"36":2,"37":1,"38":1,"39":1,"40":0,"41":0,"42":1,"43":1,"44":0,"45":0,"46":1,"47":1,"48":0,"49":0,"50":1,"51":1,"52":1,"53":1,"54":1,"55":1,"56":0,"57":0,"58":2,"59":1,"60":1,"61":1,"62":2,"63":1,"64":1,"65":1,"66":0,"67":0,"68":2,"69":1,"70":1,"71":1,"72":0,"73":0,"74":1,"75":1,"76":0,"77":0,"78":1,"79":0,"80":0,"81":2,"82":1,"83":1,"84":1,"85":0,"86":0,"87":1,"88":1,"89":0,"90":0,"91":1,"92":0,"93":0,"94":2,"95":1,"96":1,"97":1,"98":1,"99":1,"100":0,"101":0,"102":1,"103":1,"104":1,"105":1,"106":1,"107":1,"108":1,"109":1,"110":1,"111":0,"112":1,"113":1,"114":0,"115":0,"116":1,"117":1,"118":1,"119":0,"120":0,"121":1,"122":1,"123":0,"124":0,"125":1,"126":0,"127":0,"128":2,"129":1,"130":1,"131":1,"132":0,"133":0,"134":1,"135":1,"136":1,"137":0,"138":0,"139":1,"140":1,"141":0,"142":0,"143":1,"144":0,"145":0,"146":2,"147":2,"148":1,"149":1,"150":1,"151":0,"152":0,"153":1,"154":1,"155":1,"156":1,"157":0,"158":0,"159":1,"160":1,"161":1,"162":0,"163":0,"164":1,"165":0,"166":0,"167":2,"168":1,"169":1,"170":1,"171":0,"172":0,"173":1,"174":1,"175":0,"176":0,"177":1,"178":1,"179":0,"180":0,"181":1,"182":1,"183":0,"184":0,"185":1,"186":1,"187":0,"188":0,"189":2,"190":1,"191":1,"192":1,"193":1,"194":0,"195":1,"196":1,"197":1,"198":1,"199":0,"200":0,"201":1,"202":0,"203":0,"204":1,"205":0,"206":0,"207":0,"208":0,"209":0,"210":2},"f":{"0":2,"1":1,"2":1,"3":1,"4":1,"5":1,"6":1,"7":1,"8":1,"9":1,"10":1},"b":{"0":[2,0],"1":[2,2],"2":[0],"3":[2,2,2],"4":[0],"5":[0],"6":[0],"7":[1,1],"8":[0],"9":[1,0],"10":[0],"11":[0],"12":[0],"13":[0],"14":[0],"15":[0],"16":[1],"17":[1],"18":[1],"19":[0],"20":[0],"21":[1,0],"22":[1,0],"23":[0],"24":[0],"25":[0],"26":[1,0],"27":[1,0],"28":[0],"29":[0],"30":[0],"31":[1,0],"32":[1,0],"33":[0],"34":[0],"35":[0],"36":[0],"37":[1,0],"38":[0],"39":[0],"40":[0],"41":[1,1,1],"42":[1,0],"43":[1,0],"44":[0],"45":[0]}}
}
