TN:
SF:app.ts
FN:19,(anonymous_1)
FN:55,(anonymous_2)
FN:59,(anonymous_3)
FN:65,(anonymous_4)
FN:66,(anonymous_5)
FNF:5
FNH:3
FNDA:2,(anonymous_1)
FNDA:2,(anonymous_2)
FNDA:0,(anonymous_3)
FNDA:0,(anonymous_4)
FNDA:2,(anonymous_5)
DA:1,2
DA:2,2
DA:3,2
DA:4,2
DA:5,2
DA:6,2
DA:7,2
DA:8,2
DA:9,2
DA:10,2
DA:11,2
DA:12,2
DA:13,2
DA:14,2
DA:15,2
DA:16,2
DA:17,2
DA:19,2
DA:20,2
DA:21,2
DA:23,2
DA:28,2
DA:36,2
DA:37,2
DA:38,2
DA:39,2
DA:40,2
DA:43,2
DA:44,2
DA:45,2
DA:46,2
DA:47,2
DA:48,2
DA:49,2
DA:50,2
DA:53,2
DA:56,2
DA:57,2
DA:60,0
DA:61,0
DA:64,2
DA:65,2
DA:66,2
DA:69,2
LF:44
LH:42
BRDA:29,0,0,2
BRDA:29,0,1,0
BRF:2
BRH:1
end_of_record
TN:
SF:swaggerConfig.js
FNF:0
FNH:0
DA:1,2
DA:3,2
DA:20,2
DA:25,2
DA:27,2
LF:5
LH:5
BRDA:13,0,0,0
BRDA:13,0,1,2
BRF:2
BRH:1
end_of_record
TN:
SF:controllers\smartSearchController.ts
FN:45,(anonymous_1)
FN:98,(anonymous_2)
FN:100,(anonymous_3)
FN:105,(anonymous_4)
FN:106,(anonymous_5)
FN:114,extractPreferencesFromResponse
FN:119,(anonymous_7)
FN:121,(anonymous_8)
FN:141,scoreStartups
FN:142,(anonymous_10)
FN:145,(anonymous_11)
FN:162,(anonymous_12)
FNF:12
FNH:0
FNDA:0,(anonymous_1)
FNDA:0,(anonymous_2)
FNDA:0,(anonymous_3)
FNDA:0,(anonymous_4)
FNDA:0,(anonymous_5)
FNDA:0,extractPreferencesFromResponse
FNDA:0,(anonymous_7)
FNDA:0,(anonymous_8)
FNDA:0,scoreStartups
FNDA:0,(anonymous_10)
FNDA:0,(anonymous_11)
FNDA:0,(anonymous_12)
DA:1,2
DA:2,2
DA:4,2
DA:6,2
DA:7,2
DA:8,2
DA:33,2
DA:45,2
DA:46,0
DA:48,0
DA:49,0
DA:85,0
DA:86,0
DA:88,0
DA:89,0
DA:91,0
DA:94,0
DA:95,0
DA:97,0
DA:98,0
DA:99,0
DA:100,0
DA:103,0
DA:105,0
DA:106,0
DA:109,0
DA:110,0
DA:115,0
DA:116,0
DA:117,0
DA:118,0
DA:119,0
DA:121,0
DA:129,0
DA:130,0
DA:142,0
DA:143,0
DA:145,0
DA:146,0
DA:148,0
DA:149,0
DA:152,0
DA:153,0
DA:155,0
DA:156,0
DA:158,0
DA:162,2
DA:163,0
DA:164,0
DA:166,0
DA:169,0
DA:170,0
DA:171,0
DA:173,0
DA:175,0
DA:176,0
LF:56
LH:9
BRDA:6,0,0,2
BRDA:6,0,1,0
BRDA:119,1,0,0
BRDA:119,1,1,0
BRDA:120,2,0,0
BRDA:120,2,1,0
BRDA:123,3,0,0
BRDA:123,3,1,0
BRDA:124,4,0,0
BRDA:124,4,1,0
BRDA:125,5,0,0
BRDA:125,5,1,0
BRDA:126,6,0,0
BRDA:126,6,1,0
BRDA:148,7,0,0
BRDA:148,8,0,0
BRDA:148,8,1,0
BRDA:152,9,0,0
BRDA:152,10,0,0
BRDA:152,10,1,0
BRDA:153,11,0,0
BRDA:153,12,0,0
BRDA:153,12,1,0
BRDA:155,13,0,0
BRDA:155,14,0,0
BRDA:155,14,1,0
BRDA:156,15,0,0
BRDA:156,16,0,0
BRDA:156,16,1,0
BRF:29
BRH:1
end_of_record
TN:
SF:controllers\topicsController.ts
FN:8,(anonymous_1)
FNF:1
FNH:0
FNDA:0,(anonymous_1)
DA:1,2
DA:2,2
DA:4,2
DA:5,2
DA:8,2
DA:9,0
DA:11,0
DA:12,0
DA:17,0
DA:18,0
DA:20,0
DA:24,0
DA:25,0
LF:13
LH:5
BRDA:4,0,0,2
BRDA:4,0,1,0
BRF:2
BRH:1
end_of_record
TN:
SF:db\dbUtils.js
FNF:0
FNH:0
DA:1,2
DA:3,2
DA:13,2
DA:40,2
DA:41,2
DA:43,2
LF:6
LH:6
BRF:0
BRH:0
end_of_record
TN:
SF:handlers\auth.ts
FN:4,(anonymous_0)
FNF:1
FNH:1
FNDA:21,(anonymous_0)
DA:2,2
DA:4,2
DA:9,21
DA:10,3
DA:15,3
DA:18,18
DA:21,2
LF:7
LH:7
BRDA:9,0,0,3
BRDA:9,1,0,21
BRDA:9,1,1,19
BRDA:18,2,0,18
BRF:4
BRH:4
end_of_record
TN:
SF:handlers\authUtils.ts
FN:16,(anonymous_1)
FN:22,(anonymous_2)
FN:30,(anonymous_3)
FN:41,(anonymous_4)
FN:50,(anonymous_5)
FN:64,(anonymous_6)
FNF:6
FNH:5
FNDA:3,(anonymous_1)
FNDA:3,(anonymous_2)
FNDA:10,(anonymous_3)
FNDA:32,(anonymous_4)
FNDA:0,(anonymous_5)
FNDA:18,(anonymous_6)
DA:1,2
DA:3,2
DA:5,2
DA:7,2
DA:11,2
DA:16,2
DA:17,3
DA:18,0
DA:19,3
DA:22,2
DA:23,3
DA:24,0
DA:27,3
DA:30,2
DA:31,10
DA:32,10
DA:33,10
DA:34,10
DA:41,2
DA:42,32
DA:43,32
DA:44,32
DA:46,0
DA:50,2
DA:53,0
DA:54,0
DA:55,0
DA:56,0
DA:60,0
DA:64,2
DA:65,18
DA:66,18
DA:67,18
DA:68,0
DA:69,0
DA:72,18
DA:73,18
DA:75,18
DA:76,0
DA:77,0
DA:78,0
DA:79,0
DA:82,0
DA:83,0
DA:84,0
DA:85,0
DA:88,0
DA:91,0
DA:97,0
DA:100,18
DA:102,18
DA:103,18
DA:105,0
DA:106,0
LF:54
LH:31
BRDA:17,0,0,0
BRDA:23,1,0,0
BRDA:31,2,0,10
BRDA:33,3,0,10
BRDA:43,4,0,0
BRDA:54,5,0,0
BRDA:67,6,0,0
BRDA:75,7,0,0
BRDA:77,8,0,0
BRDA:83,9,0,0
BRF:10
BRH:2
end_of_record
TN:
SF:handlers\passportConfig.ts
FN:17,(anonymous_1)
FN:48,(anonymous_2)
FN:52,(anonymous_3)
FNF:3
FNH:0
FNDA:0,(anonymous_1)
FNDA:0,(anonymous_2)
FNDA:0,(anonymous_3)
DA:1,2
DA:2,2
DA:3,2
DA:4,2
DA:6,2
DA:8,2
DA:10,2
DA:18,0
DA:20,0
DA:21,0
DA:23,0
DA:27,0
DA:32,0
DA:33,0
DA:34,0
DA:35,0
DA:37,0
DA:40,0
DA:42,0
DA:48,2
DA:49,0
DA:52,2
DA:53,0
DA:56,2
LF:24
LH:10
BRDA:8,0,0,2
BRDA:8,0,1,0
BRDA:32,1,0,0
BRDA:32,1,1,0
BRF:4
BRH:1
end_of_record
TN:
SF:handlers\uploadUtils.ts
FN:6,(anonymous_1)
FN:17,(anonymous_2)
FNF:2
FNH:2
FNDA:2,(anonymous_1)
FNDA:2,(anonymous_2)
DA:1,2
DA:2,2
DA:3,2
DA:5,2
DA:7,2
DA:9,2
DA:10,2
DA:11,0
DA:12,0
DA:15,2
DA:18,2
DA:19,2
DA:23,2
DA:25,2
LF:14
LH:12
BRDA:9,0,0,2
BRDA:9,0,1,0
BRDA:11,1,0,0
BRF:3
BRH:1
end_of_record
TN:
SF:models\models.ts
FNF:0
FNH:0
DA:1,2
DA:11,2
DA:19,2
DA:42,2
DA:62,2
LF:5
LH:5
BRDA:20,0,0,2
BRDA:20,0,1,0
BRDA:63,1,0,2
BRDA:63,1,1,0
BRF:4
BRH:2
end_of_record
TN:
SF:routes\googleRoute.ts
FN:19,(anonymous_1)
FNF:1
FNH:0
FNDA:0,(anonymous_1)
DA:1,2
DA:2,2
DA:3,2
DA:4,2
DA:9,2
DA:11,2
DA:16,2
DA:20,0
DA:22,0
DA:23,0
DA:25,0
DA:26,0
DA:28,0
DA:30,0
DA:34,2
LF:15
LH:8
BRDA:28,0,0,0
BRDA:28,0,1,0
BRF:2
BRH:0
end_of_record
TN:
SF:routes\smartSearchRoute.ts
FNF:0
FNH:0
DA:1,2
DA:2,2
DA:4,2
DA:6,2
DA:7,2
DA:9,2
LF:6
LH:6
BRF:0
BRH:0
end_of_record
TN:
SF:routes\startupsRoute.ts
FN:101,(anonymous_1)
FN:300,(anonymous_2)
FN:399,(anonymous_3)
FN:483,(anonymous_4)
FN:590,(anonymous_5)
FN:711,(anonymous_6)
FN:775,(anonymous_7)
FN:844,(anonymous_8)
FNF:8
FNH:8
FNDA:2,(anonymous_1)
FNDA:1,(anonymous_2)
FNDA:1,(anonymous_3)
FNDA:1,(anonymous_4)
FNDA:1,(anonymous_5)
FNDA:1,(anonymous_6)
FNDA:1,(anonymous_7)
FNDA:1,(anonymous_8)
DA:1,2
DA:2,2
DA:3,2
DA:4,2
DA:6,2
DA:7,2
DA:9,2
DA:10,2
DA:98,2
DA:102,2
DA:117,2
DA:118,2
DA:121,2
DA:136,0
DA:137,0
DA:140,2
DA:141,2
DA:142,2
DA:144,2
DA:145,0
DA:146,0
DA:149,2
DA:167,2
DA:169,2
DA:170,2
DA:172,2
DA:173,2
DA:175,0
DA:176,0
DA:177,0
DA:184,2
DA:191,2
DA:300,2
DA:301,1
DA:302,1
DA:304,1
DA:305,1
DA:306,0
DA:309,1
DA:310,0
DA:311,0
DA:313,0
DA:316,1
DA:317,0
DA:318,1
DA:319,1
DA:320,0
DA:321,0
DA:322,0
DA:325,1
DA:329,1
DA:331,0
DA:332,0
DA:399,2
DA:400,1
DA:401,1
DA:402,1
DA:403,0
DA:404,0
DA:406,1
DA:409,1
DA:410,0
DA:411,0
DA:413,1
DA:415,0
DA:416,0
DA:483,2
DA:484,1
DA:485,1
DA:486,1
DA:487,0
DA:488,0
DA:491,1
DA:495,1
DA:496,0
DA:497,0
DA:500,1
DA:502,0
DA:503,0
DA:587,2
DA:591,1
DA:592,1
DA:607,1
DA:608,1
DA:611,1
DA:613,1
DA:629,0
DA:632,0
DA:635,1
DA:636,1
DA:637,1
DA:638,1
DA:639,1
DA:640,1
DA:641,1
DA:642,1
DA:643,1
DA:644,1
DA:645,1
DA:646,1
DA:647,1
DA:648,1
DA:649,1
DA:651,1
DA:652,1
DA:654,1
DA:655,0
DA:656,0
DA:659,1
DA:660,1
DA:662,1
DA:663,0
DA:664,0
DA:667,1
DA:675,1
DA:677,0
DA:678,0
DA:711,2
DA:712,1
DA:713,1
DA:715,1
DA:716,0
DA:717,0
DA:720,1
DA:721,1
DA:723,1
DA:724,0
DA:725,0
DA:728,1
DA:729,1
DA:731,1
DA:732,0
DA:733,0
DA:736,1
DA:737,1
DA:738,1
DA:740,1
DA:742,1
DA:744,0
DA:745,0
DA:775,2
DA:776,1
DA:777,1
DA:779,1
DA:780,0
DA:781,0
DA:784,1
DA:785,1
DA:787,1
DA:792,1
DA:793,0
DA:794,0
DA:797,1
DA:806,1
DA:810,1
DA:812,0
DA:813,0
DA:844,2
DA:845,1
DA:846,1
DA:847,1
DA:849,1
DA:850,0
DA:851,0
DA:854,1
DA:859,1
DA:860,0
DA:861,0
DA:862,0
DA:864,1
DA:865,1
DA:866,1
DA:869,1
DA:911,1
DA:913,0
DA:914,0
DA:918,2
LF:177
LH:119
BRDA:118,0,0,0
BRDA:118,0,1,2
BRDA:121,1,0,0
BRDA:122,2,0,2
BRDA:122,2,1,2
BRDA:122,2,2,2
BRDA:122,2,3,2
BRDA:122,2,4,2
BRDA:122,2,5,2
BRDA:122,2,6,2
BRDA:122,2,7,2
BRDA:122,2,8,2
BRDA:122,2,9,2
BRDA:122,2,10,2
BRDA:122,2,11,2
BRDA:122,2,12,2
BRDA:140,3,0,2
BRDA:140,3,1,0
BRDA:141,4,0,2
BRDA:141,4,1,0
BRDA:144,5,0,0
BRDA:305,6,0,0
BRDA:309,7,0,0
BRDA:310,8,0,0
BRDA:310,8,1,0
BRDA:316,9,0,0
BRDA:318,10,0,0
BRDA:319,11,0,0
BRDA:321,12,0,0
BRDA:321,12,1,0
BRDA:402,13,0,0
BRDA:409,14,0,0
BRDA:486,15,0,0
BRDA:495,16,0,0
BRDA:608,17,0,0
BRDA:608,17,1,1
BRDA:613,18,0,0
BRDA:614,19,0,1
BRDA:614,19,1,1
BRDA:614,19,2,1
BRDA:614,19,3,1
BRDA:614,19,4,1
BRDA:614,19,5,1
BRDA:614,19,6,1
BRDA:614,19,7,1
BRDA:614,19,8,1
BRDA:614,19,9,1
BRDA:614,19,10,1
BRDA:614,19,11,1
BRDA:614,19,12,1
BRDA:614,19,13,1
BRDA:635,20,0,1
BRDA:636,21,0,1
BRDA:637,22,0,1
BRDA:639,23,0,1
BRDA:640,24,0,1
BRDA:641,25,0,1
BRDA:642,26,0,1
BRDA:643,27,0,1
BRDA:644,28,0,1
BRDA:645,29,0,1
BRDA:646,30,0,1
BRDA:647,31,0,1
BRDA:648,32,0,1
BRDA:649,33,0,0
BRDA:654,34,0,0
BRDA:659,35,0,1
BRDA:659,35,1,0
BRDA:660,36,0,1
BRDA:660,36,1,0
BRDA:662,37,0,0
BRDA:715,38,0,0
BRDA:723,39,0,0
BRDA:728,40,0,1
BRDA:728,40,1,0
BRDA:729,41,0,1
BRDA:729,41,1,0
BRDA:731,42,0,0
BRDA:779,43,0,0
BRDA:784,44,0,1
BRDA:784,44,1,0
BRDA:785,45,0,1
BRDA:785,45,1,0
BRDA:792,46,0,0
BRDA:792,47,0,1
BRDA:792,47,1,1
BRDA:849,48,0,0
BRDA:859,49,0,0
BRDA:859,49,1,1
BRF:89
BRH:53
end_of_record
TN:
SF:routes\topicsRoute.ts
FNF:0
FNH:0
DA:1,2
DA:2,2
DA:4,2
DA:6,2
DA:8,2
LF:5
LH:5
BRF:0
BRH:0
end_of_record
TN:
SF:routes\usersRoute.ts
FN:52,(anonymous_1)
FN:137,(anonymous_2)
FN:187,(anonymous_3)
FN:217,(anonymous_4)
FN:251,(anonymous_5)
FN:299,(anonymous_6)
FN:366,(anonymous_7)
FN:452,(anonymous_8)
FN:521,(anonymous_9)
FN:584,(anonymous_10)
FN:666,(anonymous_11)
FNF:11
FNH:11
FNDA:2,(anonymous_1)
FNDA:1,(anonymous_2)
FNDA:1,(anonymous_3)
FNDA:1,(anonymous_4)
FNDA:1,(anonymous_5)
FNDA:1,(anonymous_6)
FNDA:1,(anonymous_7)
FNDA:1,(anonymous_8)
FNDA:1,(anonymous_9)
FNDA:1,(anonymous_10)
FNDA:1,(anonymous_11)
DA:1,2
DA:2,2
DA:3,2
DA:4,2
DA:5,2
DA:6,2
DA:12,2
DA:14,2
DA:15,2
DA:49,2
DA:53,2
DA:54,2
DA:55,2
DA:56,2
DA:58,2
DA:60,2
DA:61,0
DA:62,0
DA:65,2
DA:68,2
DA:69,0
DA:70,0
DA:73,2
DA:74,0
DA:77,0
DA:80,2
DA:82,2
DA:89,2
DA:90,2
DA:92,2
DA:93,2
DA:95,2
DA:96,2
DA:98,2
DA:100,0
DA:101,0
DA:137,2
DA:138,1
DA:139,1
DA:140,1
DA:141,0
DA:142,0
DA:145,1
DA:146,1
DA:147,0
DA:148,0
DA:151,1
DA:155,1
DA:156,0
DA:157,0
DA:160,1
DA:161,1
DA:162,1
DA:164,1
DA:165,1
DA:167,1
DA:169,0
DA:170,0
DA:187,2
DA:188,1
DA:189,1
DA:190,1
DA:217,2
DA:218,1
DA:219,1
DA:220,1
DA:222,0
DA:223,0
DA:251,2
DA:252,1
DA:253,1
DA:254,1
DA:255,0
DA:256,0
DA:259,1
DA:261,1
DA:262,0
DA:263,0
DA:266,1
DA:268,0
DA:269,0
DA:299,2
DA:300,1
DA:301,1
DA:303,1
DA:304,0
DA:305,0
DA:308,1
DA:310,1
DA:311,0
DA:312,0
DA:315,1
DA:317,0
DA:318,0
DA:363,2
DA:367,1
DA:368,1
DA:369,1
DA:370,1
DA:372,1
DA:373,0
DA:376,0
DA:384,1
DA:385,1
DA:386,1
DA:387,1
DA:388,1
DA:389,1
DA:391,1
DA:393,1
DA:395,1
DA:396,0
DA:397,0
DA:400,1
DA:401,1
DA:403,1
DA:404,0
DA:405,0
DA:408,1
DA:411,1
DA:412,0
DA:413,0
DA:416,1
DA:418,0
DA:419,0
DA:452,2
DA:453,1
DA:454,1
DA:455,1
DA:456,0
DA:457,0
DA:460,1
DA:461,1
DA:463,1
DA:464,0
DA:465,0
DA:468,1
DA:469,1
DA:470,0
DA:471,0
DA:474,1
DA:476,0
DA:477,0
DA:483,2
DA:521,2
DA:522,1
DA:523,1
DA:525,1
DA:526,0
DA:527,0
DA:530,1
DA:531,1
DA:532,1
DA:534,1
DA:535,0
DA:536,0
DA:539,1
DA:540,1
DA:544,1
DA:545,0
DA:546,0
DA:549,1
DA:551,0
DA:552,0
DA:584,2
DA:585,1
DA:586,1
DA:588,1
DA:589,0
DA:590,0
DA:593,1
DA:594,1
DA:595,0
DA:596,0
DA:599,1
DA:600,1
DA:601,0
DA:602,0
DA:605,1
DA:606,1
DA:607,0
DA:608,0
DA:611,1
DA:617,1
DA:619,0
DA:620,0
DA:666,2
DA:667,1
DA:668,1
DA:669,1
DA:671,1
DA:672,0
DA:675,1
DA:676,1
DA:678,1
DA:679,1
DA:680,0
DA:681,0
DA:684,1
DA:685,0
DA:686,0
DA:689,1
DA:700,1
DA:711,1
DA:722,1
DA:724,0
DA:725,0
DA:729,2
LF:208
LH:135
BRDA:58,0,0,2
BRDA:58,0,1,0
BRDA:58,1,0,2
BRDA:58,1,1,2
BRDA:60,2,0,0
BRDA:60,3,0,2
BRDA:60,3,1,2
BRDA:60,3,2,2
BRDA:68,4,0,0
BRDA:73,5,0,0
BRDA:140,6,0,0
BRDA:140,7,0,1
BRDA:140,7,1,1
BRDA:146,8,0,0
BRDA:153,9,0,1
BRDA:153,9,1,0
BRDA:155,10,0,0
BRDA:254,11,0,0
BRDA:261,12,0,0
BRDA:303,13,0,0
BRDA:310,14,0,0
BRDA:372,15,0,0
BRDA:385,16,0,1
BRDA:386,17,0,1
BRDA:387,18,0,1
BRDA:391,19,0,0
BRDA:395,20,0,0
BRDA:400,21,0,1
BRDA:400,21,1,0
BRDA:401,22,0,1
BRDA:401,22,1,0
BRDA:403,23,0,0
BRDA:411,24,0,0
BRDA:455,25,0,0
BRDA:460,26,0,1
BRDA:460,26,1,0
BRDA:461,27,0,1
BRDA:461,27,1,0
BRDA:463,28,0,0
BRDA:469,29,0,0
BRDA:525,30,0,0
BRDA:530,31,0,1
BRDA:530,31,1,0
BRDA:531,32,0,1
BRDA:531,32,1,0
BRDA:534,33,0,0
BRDA:544,34,0,0
BRDA:588,35,0,0
BRDA:594,36,0,0
BRDA:599,37,0,1
BRDA:599,37,1,0
BRDA:600,38,0,0
BRDA:606,39,0,0
BRDA:671,40,0,0
BRDA:671,41,0,1
BRDA:671,41,1,1
BRDA:671,41,2,1
BRDA:675,42,0,1
BRDA:675,42,1,0
BRDA:676,43,0,1
BRDA:676,43,1,0
BRDA:679,44,0,0
BRDA:684,45,0,0
BRF:63
BRH:24
end_of_record
